Log file open, 03/04/18 18:42:33
LogWindows: Failed to load 'aqProf.dll' (GetLastError=126)
LogWindows: File 'aqProf.dll' does not exist
LogWindows: Failed to load 'VtuneApi.dll' (GetLastError=126)
LogWindows: File 'VtuneApi.dll' does not exist
LogWindows: Failed to load 'VtuneApi32e.dll' (GetLastError=126)
LogWindows: File 'VtuneApi32e.dll' does not exist
LogInit: Display: Running engine for game: Pirate_Seige
LogPlatformFile: Not using cached read wrapper
LogInit: Display: RandInit(-1388114194) SRandInit(-1388114194).
LogTaskGraph: Started task graph with 5 named threads and 14 total threads with 3 sets of task threads.
LogStats: Stats thread started at 0.162957
LogD3D11RHI: Aftermath initialized
LogPluginManager: Mounting plugin Paper2D
LogPluginManager: Mounting plugin LightPropagationVolume
LogPluginManager: Mounting plugin CodeLiteSourceCodeAccess
LogPluginManager: Mounting plugin GitSourceControl
LogPluginManager: Mounting plugin KDevelopSourceCodeAccess
LogPluginManager: Mounting plugin NullSourceCodeAccess
LogPluginManager: Mounting plugin PerforceSourceControl
LogPluginManager: Mounting plugin SubversionSourceControl
LogPluginManager: Mounting plugin UObjectPlugin
LogPluginManager: Mounting plugin VisualStudioSourceCodeAccess
LogPluginManager: Mounting plugin XCodeSourceCodeAccess
LogPluginManager: Mounting plugin AssetManagerEditor
LogPluginManager: Mounting plugin AudioCapture
LogPluginManager: Mounting plugin FacialAnimation
LogPluginManager: Mounting plugin GameplayTagsEditor
LogPluginManager: Mounting plugin MobileLauncherProfileWizard
LogPluginManager: Mounting plugin PluginBrowser
LogPluginManager: Mounting plugin SpeedTreeImporter
LogPluginManager: Mounting plugin AlembicImporter
LogPluginManager: Mounting plugin CharacterAI
LogPluginManager: Mounting plugin HTML5Networking
LogPluginManager: Mounting plugin AndroidMedia
LogPluginManager: Mounting plugin AvfMedia
LogPluginManager: Mounting plugin MediaPlayerEditor
LogPluginManager: Mounting plugin WmfMedia
LogPluginManager: Mounting plugin TcpMessaging
LogPluginManager: Mounting plugin UdpMessaging
LogPluginManager: Mounting plugin LevelSequenceEditor
LogPluginManager: Mounting plugin MatineeToLevelSequence
LogPluginManager: Mounting plugin OnlineSubsystemGooglePlay
LogPluginManager: Mounting plugin OnlineSubsystemIOS
LogPluginManager: Mounting plugin OnlineSubsystem
LogPluginManager: Mounting plugin OnlineSubsystemNull
LogPluginManager: Mounting plugin OnlineSubsystemUtils
LogPluginManager: Mounting plugin AndroidDeviceProfileSelector
LogPluginManager: Mounting plugin AndroidMoviePlayer
LogPluginManager: Mounting plugin AndroidPermission
LogPluginManager: Mounting plugin AppleMoviePlayer
LogPluginManager: Mounting plugin ArchVisCharacter
LogPluginManager: Mounting plugin CableComponent
LogPluginManager: Mounting plugin CustomMeshComponent
LogPluginManager: Mounting plugin ExampleDeviceProfileSelector
LogPluginManager: Mounting plugin GoogleCloudMessaging
LogPluginManager: Mounting plugin ImmediatePhysics
LogPluginManager: Mounting plugin IOSDeviceProfileSelector
LogPluginManager: Mounting plugin LinuxDeviceProfileSelector
LogPluginManager: Mounting plugin LocationServicesBPLibrary
LogPluginManager: Mounting plugin MobilePatchingUtils
LogPluginManager: Mounting plugin OculusVR
LogPluginManager: Mounting plugin PhysXVehicles
LogPluginManager: Mounting plugin ProceduralMeshComponent
LogPluginManager: Mounting plugin RuntimePhysXCooking
LogPluginManager: Mounting plugin SteamVR
LogPluginManager: Mounting plugin WindowsMoviePlayer
LogInit: Using libcurl 7.47.1
LogInit:  - built for x86_64-pc-win32
LogInit:  - supports SSL with OpenSSL/1.0.2g
LogInit:  - supports HTTP deflate (compression) using libz 1.2.8
LogInit:  - other features:
LogInit:      CURL_VERSION_SSL
LogInit:      CURL_VERSION_LIBZ
LogInit:      CURL_VERSION_IPV6
LogInit:      CURL_VERSION_ASYNCHDNS
LogInit:      CURL_VERSION_LARGEFILE
LogInit:      CURL_VERSION_IDN
LogInit:  CurlRequestOptions (configurable via config and command line):
LogInit:  - bVerifyPeer = false  - Libcurl will NOT verify peer certificate
LogInit:  - bUseHttpProxy = false  - Libcurl will NOT use HTTP proxy
LogInit:  - bDontReuseConnections = false  - Libcurl will reuse connections
LogInit:  - CertBundlePath = nullptr  - Libcurl will use whatever was configured at build time.
LogInit: Build: ++UE4+Release-4.17-CL-3658906
LogInit: Engine Version: 4.17.2-3658906+++UE4+Release-4.17
LogInit: Compatible Engine Version: 4.17.0-3573198+++UE4+Release-4.17
LogInit: Net CL: 3573198
LogDevObjectVersion: Number of dev versions registered: 16
LogDevObjectVersion:   Dev-Blueprints (B0D832E4-1F89-4F0D-ACCF-7EB736FD4AA2): 10
LogDevObjectVersion:   Dev-Build (E1C64328-A22C-4D53-A36C-8E866417BD8C): 0
LogDevObjectVersion:   Dev-Core (375EC13C-06E4-48FB-B500-84F0262A717E): 2
LogDevObjectVersion:   Dev-Editor (E4B068ED-F494-42E9-A231-DA0B2E46BB41): 20
LogDevObjectVersion:   Dev-Framework (CFFC743F-43B0-4480-9391-14DF171D2073): 28
LogDevObjectVersion:   Dev-Mobile (B02B49B5-BB20-44E9-A304-32B752E40360): 0
LogDevObjectVersion:   Dev-Networking (A4E4105C-59A1-49B5-A7C5-40C4547EDFEE): 0
LogDevObjectVersion:   Dev-Online (39C831C9-5AE6-47DC-9A44-9C173E1C8E7C): 0
LogDevObjectVersion:   Dev-Physics (78F01B33-EBEA-4F98-B9B4-84EACCB95AA2): 0
LogDevObjectVersion:   Dev-Platform (6631380F-2D4D-43E0-8009-CF276956A95A): 0
LogDevObjectVersion:   Dev-Rendering (12F88B9F-8875-4AFC-A67C-D90C383ABD29): 19
LogDevObjectVersion:   Dev-Sequencer (7B5AE74C-D270-4C10-A958-57980B212A5A): 4
LogDevObjectVersion:   Dev-VR (D7296918-1DD6-4BDD-9DE2-64A83CC13884): 0
LogDevObjectVersion:   Dev-LoadTimes (C2A15278-BFE7-4AFE-6C17-90FF531DF755): 1
LogDevObjectVersion:   Private-Geometry (6EACA3D4-40EC-4CC1-B786-8BED09428FC5): 1
LogDevObjectVersion:   Dev-AnimPhys (29E575DD-E0A3-4627-9D10-D276232CDCEA): 7
LogInit: Compiled (64-bit): Sep 22 2017 13:47:16
LogInit: Compiled with Visual C++: 19.00.24215.01
LogInit: Build Configuration: Development
LogInit: Branch Name: ++UE4+Release-4.17
LogInit: Command line:  
LogInit: Base directory: D:/Epic Games/UE_4.17/Engine/Binaries/Win64/
LogInit: Installed Engine Build: 1
LogInit: Presizing for max 8388607 objects, including 0 objects not considered by GC, pre-allocating 0 bytes for permanent pool.
LogInit: Object subsystem initialized
[2018.03.04-16.42.36:687][  0]LogInit: Selected Device Profile: [Windows]
[2018.03.04-16.42.36:688][  0]LogInit: Applying CVar settings loaded from the selected device profile: [Windows]
[2018.03.04-16.42.37:499][  0]LogInit: Computer: USER-PC
[2018.03.04-16.42.37:499][  0]LogInit: User: user
[2018.03.04-16.42.37:499][  0]LogInit: CPU Page size=4096, Cores=4
[2018.03.04-16.42.37:499][  0]LogInit: High frequency timer resolution =3.514658 MHz
[2018.03.04-16.42.37:500][  0]LogMemory: Memory total: Physical=7.9GB (8GB approx)
[2018.03.04-16.42.37:500][  0]LogMemory: Platform Memory Stats for Windows
[2018.03.04-16.42.37:500][  0]LogMemory: Process Physical Memory: 281.39 MB used, 281.39 MB peak
[2018.03.04-16.42.37:500][  0]LogMemory: Process Virtual Memory: 285.30 MB used, 285.30 MB peak
[2018.03.04-16.42.37:500][  0]LogMemory: Physical Memory: 5844.22 MB used,  2287.58 MB free, 8131.80 MB total
[2018.03.04-16.42.37:500][  0]LogMemory: Virtual Memory: 657.21 MB used,  2287.58 MB free, 8388608.00 MB total
[2018.03.04-16.42.37:698][  0]LogInit: Using OS detected language (en-US).
[2018.03.04-16.42.37:698][  0]LogInit: Using OS detected locale (en-US).
[2018.03.04-16.42.37:700][  0]LogTextLocalizationManager: No specific localization for 'en-US' exists, so the 'en' localization will be used.
[2018.03.04-16.42.38:438][  0]LogD3D11RHI: D3D11 adapters:
[2018.03.04-16.42.38:465][  0]LogD3D11RHI:    0. 'NVIDIA GeForce GTX 960' (Feature Level 11_0)
[2018.03.04-16.42.38:465][  0]LogD3D11RHI:       1969/0/3809 MB DedicatedVideo/DedicatedSystem/SharedSystem, Outputs:1, VendorId:0x10de
[2018.03.04-16.42.38:465][  0]LogD3D11RHI: Chosen D3D11 Adapter: 0
[2018.03.04-16.42.38:470][  0]LogD3D11RHI: Creating new Direct3DDevice
[2018.03.04-16.42.38:470][  0]LogD3D11RHI:     GPU DeviceId: 0x1401 (for the marketing name, search the web for "GPU Device Id")
[2018.03.04-16.42.38:470][  0]LogWindows: EnumDisplayDevices:
[2018.03.04-16.42.38:470][  0]LogWindows:    0. 'NVIDIA GeForce GTX 960' (P:1 D:1)
[2018.03.04-16.42.38:471][  0]LogWindows:    1. 'NVIDIA GeForce GTX 960' (P:0 D:0)
[2018.03.04-16.42.38:471][  0]LogWindows:    2. 'NVIDIA GeForce GTX 960' (P:0 D:0)
[2018.03.04-16.42.38:471][  0]LogWindows:    3. 'NVIDIA GeForce GTX 960' (P:0 D:0)
[2018.03.04-16.42.38:471][  0]LogWindows:    4. 'RDPDD Chained DD' (P:0 D:0)
[2018.03.04-16.42.38:471][  0]LogWindows:    5. 'RDP Encoder Mirror Driver' (P:0 D:0)
[2018.03.04-16.42.38:471][  0]LogWindows:    6. 'RDP Reflector Display Driver' (P:0 D:0)
[2018.03.04-16.42.38:471][  0]LogWindows: DebugString: GetVideoDriverDetailsInvalid PrimaryIsNotTheChoosenAdapter GetVideoDriverDetailsInvalid PrimaryIsNotTheChoosenAdapter GetVideoDriverDetailsInvalid PrimaryIsNotTheChoosenAdapter FoundDriverCount:4 
[2018.03.04-16.42.38:471][  0]LogD3D11RHI:     Adapter Name: NVIDIA GeForce GTX 960
[2018.03.04-16.42.38:471][  0]LogD3D11RHI:   Driver Version: 388.13 (internal:23.21.13.8813, unified:388.13)
[2018.03.04-16.42.38:471][  0]LogD3D11RHI:      Driver Date: 10-27-2017
[2018.03.04-16.42.38:471][  0]LogRHI: Texture pool is 1361 MB (70% of 1945 MB)
[2018.03.04-16.42.38:482][  0]LogD3D11RHI: Async texture creation enabled
[2018.03.04-16.42.38:545][  0]LogD3D11RHI: GPU Timing Frequency: 1000.000000 (Debug: 2 2)
[2018.03.04-16.42.38:593][  0]LogShaderCompilers: Guid format shader working directory is -4 characters bigger than the processId version (G:/Pirate_Seige2 (4th March 2018)/Pirate_Seige_02/Intermediate/Shaders/WorkingDirectory/8856/).
[2018.03.04-16.42.38:593][  0]LogShaderCompilers: Cleaned the shader compiler working directory 'C:/Users/user/AppData/Local/Temp/UnrealShaderWorkingDir/7D57CAD344B08554BC0CBE980E1FA643/'.
[2018.03.04-16.42.38:593][  0]LogShaderCompilers: Display: Using Local Shader Compiler.
[2018.03.04-16.42.39:663][  0]LogTemp: Display: Loaded TP AllDesktopTargetPlatform
[2018.03.04-16.42.39:721][  0]LogTemp: Display: Loaded TP MacClientTargetPlatform
[2018.03.04-16.42.39:777][  0]LogTemp: Display: Loaded TP MacNoEditorTargetPlatform
[2018.03.04-16.42.39:835][  0]LogTemp: Display: Loaded TP MacServerTargetPlatform
[2018.03.04-16.42.39:890][  0]LogTemp: Display: Loaded TP MacTargetPlatform
[2018.03.04-16.42.39:944][  0]LogTemp: Display: Loaded TP WindowsClientTargetPlatform
[2018.03.04-16.42.39:997][  0]LogTemp: Display: Loaded TP WindowsNoEditorTargetPlatform
[2018.03.04-16.42.40:050][  0]LogTemp: Display: Loaded TP WindowsServerTargetPlatform
[2018.03.04-16.42.40:097][  0]LogTemp: Display: Loaded TP WindowsTargetPlatform
[2018.03.04-16.42.40:150][  0]LogTemp: Display: Loaded TP AndroidTargetPlatform
[2018.03.04-16.42.40:213][  0]LogTemp: Display: Loaded TP Android_ASTCTargetPlatform
[2018.03.04-16.42.40:278][  0]LogTemp: Display: Loaded TP Android_ATCTargetPlatform
[2018.03.04-16.42.40:334][  0]LogTemp: Display: Loaded TP Android_DXTTargetPlatform
[2018.03.04-16.42.40:390][  0]LogTemp: Display: Loaded TP Android_ETC1TargetPlatform
[2018.03.04-16.42.40:444][  0]LogTemp: Display: Loaded TP Android_ETC2TargetPlatform
[2018.03.04-16.42.40:554][  0]LogTemp: Display: Loaded TP Android_MultiTargetPlatform
[2018.03.04-16.42.40:554][  0]LogTemp: Display: Loaded TP Android_PVRTCTargetPlatform
[2018.03.04-16.42.40:596][  0]LogTemp: Display: Loaded TP HTML5TargetPlatform
[2018.03.04-16.42.40:693][  0]LogTemp: Display: Loaded TP IOSTargetPlatform
[2018.03.04-16.42.40:733][  0]LogTemp: Display: Loaded TP TVOSTargetPlatform
[2018.03.04-16.42.40:788][  0]LogTemp: Display: Loaded TP LinuxClientTargetPlatform
[2018.03.04-16.42.40:845][  0]LogTemp: Display: Loaded TP LinuxNoEditorTargetPlatform
[2018.03.04-16.42.40:901][  0]LogTemp: Display: Loaded TP LinuxServerTargetPlatform
[2018.03.04-16.42.40:959][  0]LogTemp: Display: Loaded TP LinuxTargetPlatform
[2018.03.04-16.42.40:959][  0]LogTargetPlatformManager: Display: Building Assets For Windows
[2018.03.04-16.42.41:485][  0]LogDerivedDataCache: Display: Max Cache Size: 512 MB
[2018.03.04-16.42.42:387][  0]LogDerivedDataCache: Loaded boot cache 0.90s 93MB C:/Users/user/AppData/Local/UnrealEngine/4.17/DerivedDataCache/Boot.ddc.
[2018.03.04-16.42.42:387][  0]LogDerivedDataCache: Display: Loaded Boot cache: C:/Users/user/AppData/Local/UnrealEngine/4.17/DerivedDataCache/Boot.ddc
[2018.03.04-16.42.42:388][  0]LogDerivedDataCache: FDerivedDataBackendGraph:  Pak pak cache file G:/Pirate_Seige2 (4th March 2018)/Pirate_Seige_02/DerivedDataCache/DDC.ddp not found, will not use a pak cache.
[2018.03.04-16.42.42:388][  0]LogDerivedDataCache: Unable to find inner node Pak for hierarchical cache Hierarchy.
[2018.03.04-16.42.42:388][  0]LogDerivedDataCache: FDerivedDataBackendGraph:  CompressedPak pak cache file G:/Pirate_Seige2 (4th March 2018)/Pirate_Seige_02/DerivedDataCache/Compressed.ddp not found, will not use a pak cache.
[2018.03.04-16.42.42:388][  0]LogDerivedDataCache: Unable to find inner node CompressedPak for hierarchical cache Hierarchy.
[2018.03.04-16.42.42:406][  0]LogDerivedDataCache: Display: Pak cache opened for reading ../../../Engine/DerivedDataCache/Compressed.ddp.
[2018.03.04-16.42.42:417][  0]LogDerivedDataCache: Using Local data cache path C:/Users/user/AppData/Local/UnrealEngine/Common/DerivedDataCache: Writable
[2018.03.04-16.42.42:427][  0]LogMaterial: Verifying Global Shaders for PCD3D_SM5
[2018.03.04-16.42.42:427][  0]LogSlate: Using Freetype 2.6.0
[2018.03.04-16.42.42:428][  0]LogSlate: SlateFontCache - WITH_FREETYPE: 1, WITH_HARFBUZZ: 1
[2018.03.04-16.42.42:428][  0]LogSlate: SlateFontCache - WITH_FREETYPE: 1, WITH_HARFBUZZ: 1
[2018.03.04-16.42.42:728][  0]LogAssetRegistry: FAssetRegistry took 0.0258 seconds to start up
[2018.03.04-16.42.43:023][  0]LogInit: Selected Device Profile: [Windows]
[2018.03.04-16.42.43:025][  0]LogContentStreaming: Texture pool size is 0.00 MB
[2018.03.04-16.42.43:600][  0]LogSimplygon: Simplygon DLL not present - disabling.
[2018.03.04-16.42.43:647][  0]LogMeshReduction: Using SimplygonSwarm for distributed automatic mesh merging
[2018.03.04-16.42.43:648][  0]LogMeshReduction: Using QuadricMeshReduction for automatic static mesh reduction
[2018.03.04-16.42.43:648][  0]LogMeshReduction: No automatic skeletal mesh reduction module available
[2018.03.04-16.42.43:648][  0]LogMeshReduction: No automatic mesh merging module available
[2018.03.04-16.42.43:648][  0]LogMeshMerging: No automatic mesh merging module available
[2018.03.04-16.42.44:209][  0]LogNetVersion: Pirate_Seige , NetCL: 3573198, EngineNetVer: 2, GameNetVer: 0 (Checksum: 2993076473)
[2018.03.04-16.42.46:170][  0]LogPackageLocalizationCache: Processed 5 localized package path(s) for 2 prioritized culture(s) in 1.770730 seconds
[2018.03.04-16.42.46:175][  0]LogUObjectArray: 35825 objects as part of root set at end of initial load.
[2018.03.04-16.42.46:175][  0]LogUObjectAllocator: 7529112 out of 0 bytes used by permanent object pool.
[2018.03.04-16.42.46:175][  0]LogUObjectArray: CloseDisregardForGC: 0/0 objects in disregard for GC pool
[2018.03.04-16.42.46:238][  0]LogInit: WinSock: version 1.1 (2.2), MaxSocks=32767, MaxUdp=65467
[2018.03.04-16.42.50:634][  0]LogTcpMessaging: Initializing TcpMessaging bridge
[2018.03.04-16.42.50:674][  0]LogUdpMessaging: Initializing bridge on interface 0.0.0.0:0 to multicast group 230.0.0.1:6666.
[2018.03.04-16.42.51:713][  0]LogMaterial: Uniform references updated for custom material expression Custom.
[2018.03.04-16.42.52:138][  0]SourceControl: Source control is disabled
[2018.03.04-16.42.52:138][  0]SourceControl: Source control is disabled
[2018.03.04-16.42.52:186][  0]SourceControl: Source control is disabled
[2018.03.04-16.42.52:233][  0]SourceControl: Source control is disabled
[2018.03.04-16.42.53:169][  0]LogAndroidPermission: UAndroidPermissionCallbackProxy::GetInstance
[2018.03.04-16.42.53:410][  0]LogOcInput: OculusInput pre-init called
[2018.03.04-16.42.53:659][  0]LogEngine: Initializing Engine...
[2018.03.04-16.42.53:660][  0]LogHMD: Failed to initialize OpenVR with code 110
[2018.03.04-16.42.53:869][  0]LogStats: UGameplayTagsManager::ConstructGameplayTagTree: Construct from data asset -  0.000 s
[2018.03.04-16.42.53:869][  0]LogStats: UGameplayTagsManager::ConstructGameplayTagTree: GameplayTagTreeChangedEvent.Broadcast -  0.000 s
[2018.03.04-16.42.53:997][  0]LogAIModule: Creating AISystem for world Untitled
[2018.03.04-16.42.54:012][  0]LogInit: XAudio2 using 'Speakers (Realtek High Definition Audio)' : 2 channels at 48 kHz using 32 bits per sample (channel mask 0x3)
[2018.03.04-16.42.54:051][  0]LogInit: FAudioDevice initialized.
[2018.03.04-16.42.54:192][  0]LogDerivedDataCache: Saved boot cache 0.14s 93MB C:/Users/user/AppData/Local/UnrealEngine/4.17/DerivedDataCache/Boot.ddc.
[2018.03.04-16.42.54:213][  0]LogInit: Texture streaming: Enabled
[2018.03.04-16.42.54:337][  0]LogEngineSessionManager: EngineSessionManager initialized
[2018.03.04-16.42.54:568][  0]LogInit: Transaction tracking system initialized
[2018.03.04-16.42.54:894][  0]BlueprintLog: New page: Editor Load
[2018.03.04-16.42.55:815][  0]LocalizationService: Localization service is disabled
[2018.03.04-16.42.56:928][  0]LogConsoleResponse: Display: 
[2018.03.04-16.42.57:098][  0]LogCook: Display: Max memory allowance for cook 16384mb min free memory 0mb
[2018.03.04-16.42.57:098][  0]LogCook: Display: Mobile HDR setting 1
[2018.03.04-16.42.57:098][  0]LogGameplayTags: Display: UGameplayTagsManager::DoneAddingNativeTags. DelegateIsBound: 0
[2018.03.04-16.42.58:137][  0]LogFileCache: Scanning file cache for directory 'G:/Pirate_Seige2 (4th March 2018)/Pirate_Seige_02/Content/' took 0.02s
[2018.03.04-16.42.58:184][  0]SourceControl: Source control is disabled
[2018.03.04-16.42.58:184][  0]Cmd: MAP LOAD FILE="G:/Pirate_Seige2 (4th March 2018)/Pirate_Seige_02/Content/2DSideScrollerBP/Maps/2DSideScrollerExampleMap.umap" TEMPLATE=0 SHOWPROGRESS=1 FEATURELEVEL=3
[2018.03.04-16.42.58:186][  0]LightingResults: New page: Lighting Build
[2018.03.04-16.42.58:229][  0]MapCheck: New page: Map Check
[2018.03.04-16.42.58:229][  0]LightingResults: New page: Lighting Build
[2018.03.04-16.42.58:583][  0]LogAIModule: Creating AISystem for world 2DSideScrollerExampleMap
[2018.03.04-16.42.58:586][  0]LogEditorServer: Finished looking for orphan Actors (0.000 secs)
[2018.03.04-16.42.58:597][  0]Cmd: MAP CHECKDEP NOCLEARLOG
[2018.03.04-16.42.58:675][  0]MapCheck: Map check complete: 0 Error(s), 0 Warning(s), took 77.403ms to complete.
[2018.03.04-16.42.58:675][  0]LogFileHelpers: Loading map '2DSideScrollerExampleMap' took 0.491
[2018.03.04-16.42.58:800][  0]LogCollectionManager: Loaded 0 collections in 0.002710 seconds
[2018.03.04-16.42.58:886][  0]LogFileCache: Scanning file cache for directory 'G:/Pirate_Seige2 (4th March 2018)/Pirate_Seige_02/Saved/Collections/' took 0.01s
[2018.03.04-16.42.58:886][  0]LogFileCache: Scanning file cache for directory 'G:/Pirate_Seige2 (4th March 2018)/Pirate_Seige_02/Content/Developers/user/Collections/' took 0.01s
[2018.03.04-16.42.58:886][  0]LogFileCache: Scanning file cache for directory 'G:/Pirate_Seige2 (4th March 2018)/Pirate_Seige_02/Content/Collections/' took 0.01s
[2018.03.04-16.42.58:886][  0]LogCollectionManager: Rebuilt the GUID cache for 0 collections in 0.000000 seconds
[2018.03.04-16.42.58:895][  0]LogContentBrowser: Native class hierarchy populated in 0.0082 seconds. Added 2386 classes and 500 folders.
[2018.03.04-16.42.58:958][  0]LogContentBrowser: Native class hierarchy updated for 'WidgetCarousel' in 0.0012 seconds. Added 0 classes and 0 folders.
[2018.03.04-16.42.59:007][  0]LogContentBrowser: Native class hierarchy updated for 'AddContentDialog' in 0.0011 seconds. Added 0 classes and 0 folders.
[2018.03.04-16.42.59:051][  0]LogContentBrowser: Native class hierarchy updated for 'SceneOutliner' in 0.0011 seconds. Added 1 classes and 2 folders.
[2018.03.04-16.42.59:070][  0]LogSlate: Took 0.000276 seconds to synchronously load lazily loaded font '../../../Engine/Content/Slate/Fonts/Roboto-Regular.ttf' (155K)
[2018.03.04-16.42.59:072][  0]LogSlate: Took 0.000138 seconds to synchronously load lazily loaded font '../../../Engine/Content/Slate/Fonts/Roboto-Bold.ttf' (160K)
[2018.03.04-16.42.59:076][  0]LogSlate: Took 0.000160 seconds to synchronously load lazily loaded font '../../../Engine/Content/Editor/Slate/Fonts/FontAwesome.ttf' (139K)
[2018.03.04-16.42.59:188][  0]LogRenderer: Reallocating scene render targets to support 1208x596 Format 10 NumSamples 1 (Frame:1).
[2018.03.04-16.42.59:427][  0]LogContentBrowser: Native class hierarchy updated for 'HierarchicalLODOutliner' in 0.0013 seconds. Added 1 classes and 2 folders.
[2018.03.04-16.42.59:427][  0]LogLoad: (Engine Initialization) Total time: 30.58 seconds
[2018.03.04-16.42.59:427][  0]LogLoad: (Engine Initialization) Total Blueprint compile time: 0.00 seconds
[2018.03.04-16.42.59:427][  0]LogExternalProfiler: Found external profiler: VSPerf
[2018.03.04-16.42.59:427][  0]LogExternalProfiler: Using external profiler: VSPerf
[2018.03.04-16.42.59:783][  0]LogAssetRegistry: Asset discovery search completed in 17.0747 seconds
[2018.03.04-16.42.59:784][  0]LogCollectionManager: Rebuilt the object cache for 0 collections in 0.000001 seconds (found 0 objects)
[2018.03.04-16.42.59:784][  0]LogCollectionManager: Fixed up redirectors for 0 collections in 0.000037 seconds (updated 0 objects)
[2018.03.04-16.42.59:785][  0]LogContentStreaming: Texture pool size now 1000 MB
[2018.03.04-16.42.59:810][  0]LogSlate: Took 0.000227 seconds to synchronously load lazily loaded font '../../../Engine/Content/Slate/Fonts/Roboto-Light.ttf' (159K)
[2018.03.04-16.43.07:007][223]LogSlate: Took 0.000189 seconds to synchronously load lazily loaded font '../../../Engine/Content/Slate/Fonts/Roboto-Light.ttf' (159K)
[2018.03.04-16.43.07:262][223]LogAIModule: Creating AISystem for world level_01
[2018.03.04-16.43.07:293][223]Cmd: MAP LOAD FILE="G:/Pirate_Seige2 (4th March 2018)/Pirate_Seige_02/Content/2DSideScrollerBP/Blueprints/new_blue_prints/level_01.umap" TEMPLATE=0 SHOWPROGRESS=1 FEATURELEVEL=3
[2018.03.04-16.43.07:293][223]LightingResults: New page: Lighting Build
[2018.03.04-16.43.07:293][223]LoadErrors: New page: Loading map: level_01.umap
[2018.03.04-16.43.07:295][223]MapCheck: New page: Map Check
[2018.03.04-16.43.07:295][223]LightingResults: New page: Lighting Build
[2018.03.04-16.43.07:312][223]LogEditorServer: Finished looking for orphan Actors (0.000 secs)
[2018.03.04-16.43.07:498][223]Cmd: MAP CHECKDEP NOCLEARLOG
[2018.03.04-16.43.07:591][223]MapCheck: Map check complete: 0 Error(s), 0 Warning(s), took 92.853ms to complete.
[2018.03.04-16.43.07:591][223]LogFileHelpers: Loading map 'level_01' took 0.299
[2018.03.04-16.43.08:819][340]LogTemp: Repeating last play command: Selected Viewport
[2018.03.04-16.43.10:584][340]LogPlayLevel: PlayLevel: No blueprints needed recompiling
[2018.03.04-16.43.10:585][340]PIE: New page: PIE session: level_01 (Mar 4, 2018, 8:43:10 PM)
[2018.03.04-16.43.10:585][340]LogPlayLevel: Creating play world package: /Game/2DSideScrollerBP/Blueprints/new_blue_prints/UEDPIE_0_level_01
[2018.03.04-16.43.10:586][340]LogPlayLevel: PIE: StaticDuplicateObject took: (0.001186s)
[2018.03.04-16.43.10:587][340]LogAIModule: Creating AISystem for world level_01
[2018.03.04-16.43.10:587][340]LogPlayLevel: PIE: World Init took: (0.001036s)
[2018.03.04-16.43.10:587][340]LogPlayLevel: PIE: Created PIE world by copying editor world from /Game/2DSideScrollerBP/Blueprints/new_blue_prints/level_01.level_01 to /Game/2DSideScrollerBP/Blueprints/new_blue_prints/UEDPIE_0_level_01.level_01 (0.002479s)
[2018.03.04-16.43.10:602][340]LogInit: XAudio2 using 'Speakers (Realtek High Definition Audio)' : 2 channels at 48 kHz using 32 bits per sample (channel mask 0x3)
[2018.03.04-16.43.10:618][340]LogInit: FAudioDevice initialized.
[2018.03.04-16.43.10:658][340]LogLoad: Game class is 'pirate_game_mode_C'
[2018.03.04-16.43.10:660][340]LogWorld: Bringing World /Game/2DSideScrollerBP/Blueprints/new_blue_prints/UEDPIE_0_level_01.level_01 up for play (max tick rate 0) at 2018.03.04-18.43.10
[2018.03.04-16.43.10:661][340]LogWorld: Bringing up level for play took: 0.001688
[2018.03.04-16.43.10:706][340]LogContentBrowser: Native class hierarchy updated for 'MovieSceneCapture' in 0.0011 seconds. Added 11 classes and 0 folders.
[2018.03.04-16.43.10:707][340]PIE: Play in editor start time for /Game/2DSideScrollerBP/Blueprints/new_blue_prints/UEDPIE_0_level_01 1.074
[2018.03.04-16.45.04:748][340]LogContentBrowser: Native class hierarchy updated for 'BlueprintGraph' in 0.0014 seconds. Added 113 classes and 0 folders.
[2018.03.04-16.45.05:331][340]LogSlate: Took 0.000144 seconds to synchronously load lazily loaded font '../../../Engine/Content/Slate/Fonts/Roboto-Regular.ttf' (155K)
[2018.03.04-16.45.05:394][340]LogSlate: Took 0.000204 seconds to synchronously load lazily loaded font '../../../Engine/Content/Editor/Slate/Fonts/Roboto-BoldCondensed.ttf' (158K)
[2018.03.04-16.45.05:502][341]LogSlate: Took 0.000245 seconds to synchronously load lazily loaded font '../../../Engine/Content/Editor/Slate/Fonts/Roboto-Italic.ttf' (157K)
[2018.03.04-16.45.29:519][884]LogRenderer: Reallocating scene render targets to support 1208x712 Format 10 NumSamples 1 (Frame:1).
[2018.03.04-16.46.03:147][725]LogBlueprint: Warning: Reparenting blueprint Blueprint /Game/2DSideScrollerBP/Blueprints/new_blue_prints/BP_cannon.BP_cannon from Actor to Character...
[2018.03.04-16.46.03:482][725]BlueprintLog: New page: Compile BP_cannon
[2018.03.04-16.46.05:244][852]BlueprintLog: New page: Compile BP_cannon
[2018.03.04-16.46.08:084][ 84]LogTemp: Repeating last play command: Selected Viewport
[2018.03.04-16.46.08:556][ 84]LogPlayLevel: PlayLevel: No blueprints needed recompiling
[2018.03.04-16.46.08:557][ 84]PIE: New page: PIE session: level_01 (Mar 4, 2018, 8:46:08 PM)
[2018.03.04-16.46.08:557][ 84]LogPlayLevel: Creating play world package: /Game/2DSideScrollerBP/Blueprints/new_blue_prints/UEDPIE_0_level_01
[2018.03.04-16.46.08:558][ 84]LogPlayLevel: PIE: StaticDuplicateObject took: (0.001442s)
[2018.03.04-16.46.08:559][ 84]LogAIModule: Creating AISystem for world level_01
[2018.03.04-16.46.08:559][ 84]LogPlayLevel: PIE: World Init took: (0.000986s)
[2018.03.04-16.46.08:559][ 84]LogPlayLevel: PIE: Created PIE world by copying editor world from /Game/2DSideScrollerBP/Blueprints/new_blue_prints/level_01.level_01 to /Game/2DSideScrollerBP/Blueprints/new_blue_prints/UEDPIE_0_level_01.level_01 (0.002870s)
[2018.03.04-16.46.08:581][ 84]LogInit: XAudio2 using 'Speakers (Realtek High Definition Audio)' : 2 channels at 48 kHz using 32 bits per sample (channel mask 0x3)
[2018.03.04-16.46.08:596][ 84]LogInit: FAudioDevice initialized.
[2018.03.04-16.46.08:623][ 84]LogLoad: Game class is 'pirate_game_mode_C'
[2018.03.04-16.46.08:625][ 84]LogWorld: Bringing World /Game/2DSideScrollerBP/Blueprints/new_blue_prints/UEDPIE_0_level_01.level_01 up for play (max tick rate 0) at 2018.03.04-18.46.08
[2018.03.04-16.46.08:626][ 84]LogWorld: Bringing up level for play took: 0.001645
[2018.03.04-16.46.08:627][ 84]PIE: Play in editor start time for /Game/2DSideScrollerBP/Blueprints/new_blue_prints/UEDPIE_0_level_01 0.991
[2018.03.04-16.46.35:405][428]LogSavePackage: Save=11639.57ms
[2018.03.04-16.46.35:405][428]LogSavePackage: Moving 'G:/Pirate_Seige2 (4th March 2018)/Pirate_Seige_02/Saved/BP_cannonB391BAA94B49AE808679969BB9AC9DB3.tmp' to 'G:/Pirate_Seige2 (4th March 2018)/Pirate_Seige_02/Content/2DSideScrollerBP/Blueprints/new_blue_prints/BP_cannon.uasset'
[2018.03.04-16.46.35:526][428]LogSavePackage: Display: Finished SavePackage G:/Pirate_Seige2 (4th March 2018)/Pirate_Seige_02/Content/2DSideScrollerBP/Blueprints/new_blue_prints/BP_cannon.uasset
[2018.03.04-16.46.40:535][924]LogTemp: Repeating last play command: Selected Viewport
[2018.03.04-16.46.40:759][924]LogPlayLevel: PlayLevel: No blueprints needed recompiling
[2018.03.04-16.46.40:759][924]PIE: New page: PIE session: level_01 (Mar 4, 2018, 8:46:40 PM)
[2018.03.04-16.46.40:760][924]LogPlayLevel: Creating play world package: /Game/2DSideScrollerBP/Blueprints/new_blue_prints/UEDPIE_0_level_01
[2018.03.04-16.46.40:761][924]LogPlayLevel: PIE: StaticDuplicateObject took: (0.001448s)
[2018.03.04-16.46.40:761][924]LogAIModule: Creating AISystem for world level_01
[2018.03.04-16.46.40:762][924]LogPlayLevel: PIE: World Init took: (0.000597s)
[2018.03.04-16.46.40:762][924]LogPlayLevel: PIE: Created PIE world by copying editor world from /Game/2DSideScrollerBP/Blueprints/new_blue_prints/level_01.level_01 to /Game/2DSideScrollerBP/Blueprints/new_blue_prints/UEDPIE_0_level_01.level_01 (0.002271s)
[2018.03.04-16.46.40:783][924]LogInit: XAudio2 using 'Speakers (Realtek High Definition Audio)' : 2 channels at 48 kHz using 32 bits per sample (channel mask 0x3)
[2018.03.04-16.46.40:799][924]LogInit: FAudioDevice initialized.
[2018.03.04-16.46.40:831][924]LogLoad: Game class is 'pirate_game_mode_C'
[2018.03.04-16.46.40:833][924]LogWorld: Bringing World /Game/2DSideScrollerBP/Blueprints/new_blue_prints/UEDPIE_0_level_01.level_01 up for play (max tick rate 0) at 2018.03.04-18.46.40
[2018.03.04-16.46.40:833][924]LogWorld: Bringing up level for play took: 0.001276
[2018.03.04-16.46.40:834][924]PIE: Play in editor start time for /Game/2DSideScrollerBP/Blueprints/new_blue_prints/UEDPIE_0_level_01 -0.802
[2018.03.04-16.46.52:257][515]LogSavePackage: Save=5493.63ms
[2018.03.04-16.46.52:257][515]LogSavePackage: Moving 'G:/Pirate_Seige2 (4th March 2018)/Pirate_Seige_02/Saved/level_01F0122A54475BE9E3D22CD38E1C8CE224.tmp' to 'G:/Pirate_Seige2 (4th March 2018)/Pirate_Seige_02/Content/2DSideScrollerBP/Blueprints/new_blue_prints/level_01.umap'
[2018.03.04-16.46.52:382][515]LogSavePackage: Display: Finished SavePackage G:/Pirate_Seige2 (4th March 2018)/Pirate_Seige_02/Content/2DSideScrollerBP/Blueprints/new_blue_prints/level_01.umap
[2018.03.04-16.46.59:715][242]LogTemp: Repeating last play command: Selected Viewport
[2018.03.04-16.46.59:806][242]LogPlayLevel: PlayLevel: No blueprints needed recompiling
[2018.03.04-16.46.59:806][242]PIE: New page: PIE session: level_01 (Mar 4, 2018, 8:46:59 PM)
[2018.03.04-16.46.59:806][242]LogPlayLevel: Creating play world package: /Game/2DSideScrollerBP/Blueprints/new_blue_prints/UEDPIE_0_level_01
[2018.03.04-16.46.59:808][242]LogPlayLevel: PIE: StaticDuplicateObject took: (0.001614s)
[2018.03.04-16.46.59:808][242]LogAIModule: Creating AISystem for world level_01
[2018.03.04-16.46.59:808][242]LogPlayLevel: PIE: World Init took: (0.000579s)
[2018.03.04-16.46.59:809][242]LogPlayLevel: PIE: Created PIE world by copying editor world from /Game/2DSideScrollerBP/Blueprints/new_blue_prints/level_01.level_01 to /Game/2DSideScrollerBP/Blueprints/new_blue_prints/UEDPIE_0_level_01.level_01 (0.002476s)
[2018.03.04-16.46.59:830][242]LogInit: XAudio2 using 'Speakers (Realtek High Definition Audio)' : 2 channels at 48 kHz using 32 bits per sample (channel mask 0x3)
[2018.03.04-16.46.59:845][242]LogInit: FAudioDevice initialized.
[2018.03.04-16.46.59:875][242]LogLoad: Game class is 'pirate_game_mode_C'
[2018.03.04-16.46.59:877][242]LogWorld: Bringing World /Game/2DSideScrollerBP/Blueprints/new_blue_prints/UEDPIE_0_level_01.level_01 up for play (max tick rate 0) at 2018.03.04-18.46.59
[2018.03.04-16.46.59:877][242]LogWorld: Bringing up level for play took: 0.001317
[2018.03.04-16.46.59:878][242]PIE: Play in editor start time for /Game/2DSideScrollerBP/Blueprints/new_blue_prints/UEDPIE_0_level_01 0.242
[2018.03.04-16.47.06:996][869]Cmd: QUIT_EDITOR
[2018.03.04-16.47.07:383][869]LogExit: Preparing to exit.
[2018.03.04-16.47.07:919][869]LogExit: Editor shut down
[2018.03.04-16.47.07:922][869]LogExit: Transaction tracking system shut down
[2018.03.04-16.47.10:428][869]LogDirectoryWatcher: A directory notification for '../../../Engine/Content/' was aborted.
[2018.03.04-16.47.10:428][869]LogDirectoryWatcher: A directory notification for 'G:/Pirate_Seige2 (4th March 2018)/Pirate_Seige_02/Content/' was aborted.
[2018.03.04-16.47.10:429][869]LogDirectoryWatcher: A directory notification for '../../../Engine/Plugins/2D/Paper2D/Content/' was aborted.
[2018.03.04-16.47.10:429][869]LogDirectoryWatcher: A directory notification for '../../../Engine/Plugins/Runtime/Oculus/OculusVR/Content/' was aborted.
[2018.03.04-16.47.10:429][869]LogDirectoryWatcher: A directory notification for '../../../Engine/Plugins/Runtime/Steam/SteamVR/Content/' was aborted.
[2018.03.04-16.47.10:503][869]LogExit: Object subsystem successfully closed.
[2018.03.04-16.47.10:518][869]LogD3D11RHI: Shutdown
[2018.03.04-16.47.10:518][869]LogD3D11RHI: CleanupD3DDevice
[2018.03.04-16.47.10:617][869]LogD3D11RHI: ~FD3D11DynamicRHI
[2018.03.04-16.47.10:623][869]LogModuleManager: Shutting down and abandoning module BlueprintGraph (536)
[2018.03.04-16.47.10:623][869]LogModuleManager: Shutting down and abandoning module BlueprintProfiler (534)
[2018.03.04-16.47.10:623][869]LogModuleManager: Shutting down and abandoning module MovieSceneCapture (532)
[2018.03.04-16.47.10:623][869]LogModuleManager: Shutting down and abandoning module HierarchicalLODOutliner (530)
[2018.03.04-16.47.10:623][869]LogModuleManager: Shutting down and abandoning module SceneOutliner (528)
[2018.03.04-16.47.10:623][869]LogModuleManager: Shutting down and abandoning module AddContentDialog (526)
[2018.03.04-16.47.10:623][869]LogDirectoryWatcher: A directory notification for 'D:/Epic Games/UE_4.17/FeaturePacks/' was aborted.
[2018.03.04-16.47.10:623][869]LogModuleManager: Shutting down and abandoning module WidgetCarousel (525)
[2018.03.04-16.47.10:623][869]LogModuleManager: Shutting down and abandoning module EditorWidgets (522)
[2018.03.04-16.47.10:624][869]LogModuleManager: Shutting down and abandoning module CollectionManager (520)
[2018.03.04-16.47.10:624][869]LogDirectoryWatcher: A directory notification for 'G:/Pirate_Seige2 (4th March 2018)/Pirate_Seige_02/Content/Collections/' was aborted.
[2018.03.04-16.47.10:624][869]LogDirectoryWatcher: A directory notification for 'G:/Pirate_Seige2 (4th March 2018)/Pirate_Seige_02/Content/Developers/user/Collections/' was aborted.
[2018.03.04-16.47.10:624][869]LogDirectoryWatcher: A directory notification for 'G:/Pirate_Seige2 (4th March 2018)/Pirate_Seige_02/Saved/Collections/' was aborted.
[2018.03.04-16.47.10:624][869]LogModuleManager: Shutting down and abandoning module StatsViewer (518)
[2018.03.04-16.47.10:624][869]LogModuleManager: Shutting down and abandoning module FoliageEdit (516)
[2018.03.04-16.47.10:625][869]LogModuleManager: Shutting down and abandoning module LandscapeEditor (514)
[2018.03.04-16.47.10:625][869]LogModuleManager: Shutting down and abandoning module MeshPaintMode (512)
[2018.03.04-16.47.10:625][869]LogModuleManager: Shutting down and abandoning module SceneDepthPickerMode (510)
[2018.03.04-16.47.10:625][869]LogModuleManager: Shutting down and abandoning module ActorPickerMode (508)
[2018.03.04-16.47.10:625][869]LogModuleManager: Shutting down and abandoning module GeometryMode (506)
[2018.03.04-16.47.10:625][869]LogModuleManager: Shutting down and abandoning module TextureAlignMode (504)
[2018.03.04-16.47.10:625][869]LogModuleManager: Shutting down and abandoning module BspMode (502)
[2018.03.04-16.47.10:625][869]LogModuleManager: Shutting down and abandoning module PIEPreviewDeviceProfileSelector (500)
[2018.03.04-16.47.10:625][869]LogModuleManager: Shutting down and abandoning module HardwareSurvey (498)
[2018.03.04-16.47.10:625][869]LogModuleManager: Shutting down and abandoning module SequenceRecorderSections (496)
[2018.03.04-16.47.10:625][869]LogModuleManager: Shutting down and abandoning module AutomationWorker (494)
[2018.03.04-16.47.10:625][869]LogModuleManager: Shutting down and abandoning module MatineeToLevelSequence (492)
[2018.03.04-16.47.10:625][869]LogModuleManager: Shutting down and abandoning module LevelSequenceEditor (490)
[2018.03.04-16.47.10:625][869]LogModuleManager: Shutting down and abandoning module PlacementMode (489)
[2018.03.04-16.47.10:625][869]LogModuleManager: Shutting down and abandoning module WmfMediaFactory (486)
[2018.03.04-16.47.10:625][869]LogModuleManager: Shutting down and abandoning module WmfMediaEditor (484)
[2018.03.04-16.47.10:625][869]LogModuleManager: Shutting down and abandoning module AvfMediaFactory (482)
[2018.03.04-16.47.10:625][869]LogModuleManager: Shutting down and abandoning module AvfMediaEditor (480)
[2018.03.04-16.47.10:625][869]LogModuleManager: Shutting down and abandoning module AndroidMediaFactory (478)
[2018.03.04-16.47.10:625][869]LogModuleManager: Shutting down and abandoning module Media (477)
[2018.03.04-16.47.10:625][869]LogModuleManager: Shutting down and abandoning module AndroidMediaEditor (474)
[2018.03.04-16.47.10:625][869]LogModuleManager: Shutting down and abandoning module CharacterAI (472)
[2018.03.04-16.47.10:625][869]LogModuleManager: Shutting down and abandoning module AudioCapture (470)
[2018.03.04-16.47.10:625][869]LogModuleManager: Shutting down and abandoning module SequenceRecorder (469)
[2018.03.04-16.47.10:625][869]LogModuleManager: Shutting down and abandoning module SmartSnapping (466)
[2018.03.04-16.47.10:625][869]LogModuleManager: Shutting down and abandoning module SessionServices (464)
[2018.03.04-16.47.10:625][869]LogModuleManager: Shutting down and abandoning module ViewportSnapping (462)
[2018.03.04-16.47.10:625][869]LogModuleManager: Shutting down and abandoning module ViewportInteraction (460)
[2018.03.04-16.47.10:625][869]LogModuleManager: Shutting down and abandoning module ClothPainter (458)
[2018.03.04-16.47.10:625][869]LogModuleManager: Shutting down and abandoning module LogVisualizer (456)
[2018.03.04-16.47.10:625][869]LogModuleManager: Shutting down and abandoning module IntroTutorials (454)
[2018.03.04-16.47.10:625][869]LogModuleManager: Shutting down and abandoning module GameProjectGeneration (453)
[2018.03.04-16.47.10:625][869]LogModuleManager: Shutting down and abandoning module IOSPlatformEditor (450)
[2018.03.04-16.47.10:625][869]LogModuleManager: Shutting down and abandoning module HTML5PlatformEditor (448)
[2018.03.04-16.47.10:625][869]LogModuleManager: Shutting down and abandoning module AndroidPlatformEditor (446)
[2018.03.04-16.47.10:625][869]LogModuleManager: Shutting down and abandoning module AndroidDeviceDetection (445)
[2018.03.04-16.47.11:226][869]LogModuleManager: Shutting down and abandoning module WindowsPlatformEditor (442)
[2018.03.04-16.47.11:226][869]LogModuleManager: Shutting down and abandoning module IOSRuntimeSettings (440)
[2018.03.04-16.47.11:226][869]LogModuleManager: Shutting down and abandoning module AndroidRuntimeSettings (438)
[2018.03.04-16.47.11:226][869]LogModuleManager: Shutting down and abandoning module InputBindingEditor (436)
[2018.03.04-16.47.11:226][869]LogModuleManager: Shutting down and abandoning module MergeActors (434)
[2018.03.04-16.47.11:226][869]LogModuleManager: Shutting down and abandoning module SizeMap (432)
[2018.03.04-16.47.11:226][869]LogModuleManager: Shutting down and abandoning module TreeMap (430)
[2018.03.04-16.47.11:226][869]LogModuleManager: Shutting down and abandoning module ReferenceViewer (428)
[2018.03.04-16.47.11:226][869]LogModuleManager: Shutting down and abandoning module LocalizationDashboard (426)
[2018.03.04-16.47.11:226][869]LogModuleManager: Shutting down and abandoning module LocalizationService (425)
[2018.03.04-16.47.11:226][869]LogModuleManager: Shutting down and abandoning module HardwareTargeting (422)
[2018.03.04-16.47.11:226][869]LogModuleManager: Shutting down and abandoning module DeviceProfileEditor (420)
[2018.03.04-16.47.11:226][869]LogModuleManager: Shutting down and abandoning module UndoHistory (418)
[2018.03.04-16.47.11:226][869]LogModuleManager: Shutting down and abandoning module XmlParser (416)
[2018.03.04-16.47.11:226][869]LogModuleManager: Shutting down and abandoning module Blutility (414)
[2018.03.04-16.47.11:226][869]LogModuleManager: Shutting down and abandoning module ProjectSettingsViewer (412)
[2018.03.04-16.47.11:226][869]LogModuleManager: Shutting down and abandoning module ProjectTargetPlatformEditor (411)
[2018.03.04-16.47.11:227][869]LogModuleManager: Shutting down and abandoning module EditorSettingsViewer (408)
[2018.03.04-16.47.11:227][869]LogModuleManager: Shutting down and abandoning module SettingsEditor (406)
[2018.03.04-16.47.11:227][869]LogModuleManager: Shutting down and abandoning module ProjectLauncher (404)
[2018.03.04-16.47.11:227][869]LogModuleManager: Shutting down and abandoning module SessionFrontend (402)
[2018.03.04-16.47.11:227][869]LogModuleManager: Shutting down and abandoning module ProfilerClient (400)
[2018.03.04-16.47.11:227][869]LogModuleManager: Shutting down and abandoning module DeviceManager (398)
[2018.03.04-16.47.11:227][869]LogModuleManager: Shutting down and abandoning module TargetDeviceServices (397)
[2018.03.04-16.47.11:277][869]LogModuleManager: Shutting down and abandoning module AutomationController (394)
[2018.03.04-16.47.11:277][869]LogModuleManager: Shutting down and abandoning module AutomationWindow (392)
[2018.03.04-16.47.11:277][869]LogModuleManager: Shutting down and abandoning module Layers (390)
[2018.03.04-16.47.11:277][869]LogModuleManager: Shutting down and abandoning module ComponentVisualizers (388)
[2018.03.04-16.47.11:277][869]LogModuleManager: Shutting down and abandoning module DetailCustomizations (386)
[2018.03.04-16.47.11:277][869]LogModuleManager: Shutting down and abandoning module PackagesDialog (384)
[2018.03.04-16.47.11:277][869]LogModuleManager: Shutting down and abandoning module Persona (382)
[2018.03.04-16.47.11:277][869]LogModuleManager: Shutting down and abandoning module AdvancedPreviewScene (381)
[2018.03.04-16.47.11:277][869]LogModuleManager: Shutting down and abandoning module AnimGraph (379)
[2018.03.04-16.47.11:277][869]LogModuleManager: Shutting down and abandoning module Kismet (376)
[2018.03.04-16.47.11:282][869]LogModuleManager: Shutting down and abandoning module ClassViewer (374)
[2018.03.04-16.47.11:283][869]LogModuleManager: Shutting down and abandoning module Toolbox (372)
[2018.03.04-16.47.11:284][869]LogModuleManager: Shutting down and abandoning module ModuleUI (370)
[2018.03.04-16.47.11:284][869]LogModuleManager: Shutting down and abandoning module MovieSceneTools (368)
[2018.03.04-16.47.11:284][869]LogModuleManager: Shutting down and abandoning module OutputLog (366)
[2018.03.04-16.47.11:284][869]LogModuleManager: Shutting down and abandoning module GammaUI (364)
[2018.03.04-16.47.11:284][869]LogModuleManager: Shutting down and abandoning module Documentation (362)
[2018.03.04-16.47.11:284][869]LogModuleManager: Shutting down and abandoning module MovieSceneTracks (360)
[2018.03.04-16.47.11:284][869]LogModuleManager: Shutting down and abandoning module MovieScene (358)
[2018.03.04-16.47.11:284][869]LogModuleManager: Shutting down and abandoning module Niagara (356)
[2018.03.04-16.47.11:284][869]LogModuleManager: Shutting down and abandoning module NiagaraEditor (355)
[2018.03.04-16.47.11:284][869]LogModuleManager: Shutting down and abandoning module StreamingPauseRendering (352)
[2018.03.04-16.47.11:284][869]LogModuleManager: Shutting down and abandoning module LauncherPlatform (350)
[2018.03.04-16.47.11:284][869]LogModuleManager: Shutting down and abandoning module AnalyticsET (348)
[2018.03.04-16.47.11:284][869]LogModuleManager: Shutting down and abandoning module PortalServices (346)
[2018.03.04-16.47.11:284][869]LogModuleManager: Shutting down and abandoning module PortalRpc (344)
[2018.03.04-16.47.11:284][869]LogModuleManager: Shutting down and abandoning module MessagingRpc (342)
[2018.03.04-16.47.11:284][869]LogModuleManager: Shutting down and abandoning module AIModule (340)
[2018.03.04-16.47.11:284][869]LogModuleManager: Shutting down and abandoning module GameplayDebugger (339)
[2018.03.04-16.47.11:284][869]LogModuleManager: Shutting down and abandoning module AITestSuite (337)
[2018.03.04-16.47.11:284][869]LogModuleManager: Shutting down and abandoning module ProfilerService (334)
[2018.03.04-16.47.11:381][869]LogModuleManager: Shutting down and abandoning module TaskGraph (332)
[2018.03.04-16.47.11:381][869]LogModuleManager: Shutting down and abandoning module SteamVRController (330)
[2018.03.04-16.47.11:381][869]LogModuleManager: Shutting down and abandoning module ProceduralMeshComponentEditor (328)
[2018.03.04-16.47.11:381][869]LogModuleManager: Shutting down and abandoning module ProceduralMeshComponent (326)
[2018.03.04-16.47.11:381][869]LogModuleManager: Shutting down and abandoning module OculusInput (324)
[2018.03.04-16.47.11:381][869]LogModuleManager: Shutting down and abandoning module MobilePatchingUtils (322)
[2018.03.04-16.47.11:381][869]LogModuleManager: Shutting down and abandoning module CustomMeshComponent (320)
[2018.03.04-16.47.11:381][869]LogModuleManager: Shutting down and abandoning module CableComponent (318)
[2018.03.04-16.47.11:381][869]LogModuleManager: Shutting down and abandoning module ArchVisCharacter (316)
[2018.03.04-16.47.11:381][869]LogModuleManager: Shutting down and abandoning module AndroidPermission (314)
[2018.03.04-16.47.11:381][869]LogModuleManager: Shutting down and abandoning module MediaPlayerEditor (310)
[2018.03.04-16.47.11:381][869]LogModuleManager: Shutting down and abandoning module HTML5Networking (308)
[2018.03.04-16.47.11:381][869]LogModuleManager: Shutting down and abandoning module AlembicImporter (306)
[2018.03.04-16.47.11:381][869]LogModuleManager: Shutting down and abandoning module AlembicLibrary (305)
[2018.03.04-16.47.11:381][869]LogModuleManager: Shutting down and abandoning module GeometryCache (304)
[2018.03.04-16.47.11:381][869]LogModuleManager: Shutting down and abandoning module GeometryCacheEd (303)
[2018.03.04-16.47.11:381][869]LogModuleManager: Shutting down and abandoning module SpeedTreeImporter (298)
[2018.03.04-16.47.11:381][869]LogModuleManager: Shutting down and abandoning module PluginBrowser (296)
[2018.03.04-16.47.11:382][869]LogModuleManager: Shutting down and abandoning module MobileLauncherProfileWizard (294)
[2018.03.04-16.47.11:382][869]LogModuleManager: Shutting down and abandoning module VisualStudioSourceCodeAccess (292)
[2018.03.04-16.47.11:382][869]LogModuleManager: Shutting down and abandoning module DesktopPlatform (291)
[2018.03.04-16.47.11:382][869]LogModuleManager: Shutting down and abandoning module UObjectPlugin (288)
[2018.03.04-16.47.11:382][869]LogModuleManager: Shutting down and abandoning module SubversionSourceControl (286)
[2018.03.04-16.47.11:382][869]LogModuleManager: Shutting down and abandoning module PerforceSourceControl (284)
[2018.03.04-16.47.11:382][869]LogModuleManager: Shutting down and abandoning module GitSourceControl (282)
[2018.03.04-16.47.11:382][869]LogModuleManager: Shutting down and abandoning module SourceControl (281)
[2018.03.04-16.47.11:382][869]LogModuleManager: Shutting down and abandoning module LightPropagationVolumeEditor (278)
[2018.03.04-16.47.11:382][869]LogModuleManager: Shutting down and abandoning module PaperTiledImporter (276)
[2018.03.04-16.47.11:382][869]LogModuleManager: Shutting down and abandoning module PaperSpriteSheetImporter (274)
[2018.03.04-16.47.11:382][869]LogModuleManager: Shutting down and abandoning module Paper2DEditor (272)
[2018.03.04-16.47.11:382][869]LogModuleManager: Shutting down and abandoning module MeshPaint (271)
[2018.03.04-16.47.11:382][869]LogModuleManager: Shutting down and abandoning module LevelEditor (269)
[2018.03.04-16.47.11:383][869]LogModuleManager: Shutting down and abandoning module PixelInspectorModule (268)
[2018.03.04-16.47.11:383][869]LogModuleManager: Shutting down and abandoning module MainFrame (266)
[2018.03.04-16.47.11:383][869]LogModuleManager: Shutting down and abandoning module HotReload (265)
[2018.03.04-16.47.11:383][869]LogModuleManager: Shutting down and abandoning module RuntimePhysXCooking (260)
[2018.03.04-16.47.11:383][869]LogModuleManager: Shutting down and abandoning module PhysXVehiclesEditor (258)
[2018.03.04-16.47.11:383][869]LogModuleManager: Shutting down and abandoning module PhysXVehicles (256)
[2018.03.04-16.47.11:383][869]LogModuleManager: Shutting down and abandoning module OculusEditor (254)
[2018.03.04-16.47.11:383][869]LogModuleManager: Shutting down and abandoning module LocationServicesBPLibrary (252)
[2018.03.04-16.47.11:383][869]LogModuleManager: Shutting down and abandoning module ImmediatePhysicsEditor (250)
[2018.03.04-16.47.11:383][869]LogModuleManager: Shutting down and abandoning module ImmediatePhysics (248)
[2018.03.04-16.47.11:383][869]LogModuleManager: Shutting down and abandoning module UdpMessaging (246)
[2018.03.04-16.47.11:483][869]LogModuleManager: Shutting down and abandoning module TcpMessaging (244)
[2018.03.04-16.47.11:583][869]LogModuleManager: Shutting down and abandoning module GameplayTagsEditor (242)
[2018.03.04-16.47.11:583][869]LogModuleManager: Shutting down and abandoning module FacialAnimationEditor (240)
[2018.03.04-16.47.11:583][869]LogModuleManager: Shutting down and abandoning module FacialAnimation (238)
[2018.03.04-16.47.11:583][869]LogModuleManager: Shutting down and abandoning module AssetManagerEditor (236)
[2018.03.04-16.47.11:583][869]LogModuleManager: Shutting down and abandoning module GraphEditor (235)
[2018.03.04-16.47.11:583][869]LogModuleManager: Shutting down and abandoning module ContentBrowser (233)
[2018.03.04-16.47.11:584][869]LogModuleManager: Shutting down and abandoning module LightPropagationVolumeRuntime (230)
[2018.03.04-16.47.11:584][869]LogModuleManager: Shutting down and abandoning module Paper2D (228)
[2018.03.04-16.47.11:584][869]LogModuleManager: Shutting down and abandoning module WindowsMoviePlayer (226)
[2018.03.04-16.47.11:584][869]LogModuleManager: Shutting down and abandoning module WmfMedia (224)
[2018.03.04-16.47.11:585][869]LogModuleManager: Shutting down and abandoning module PacketHandler (222)
[2018.03.04-16.47.11:585][869]LogModuleManager: Shutting down and abandoning module ClothingSystemEditor (220)
[2018.03.04-16.47.11:585][869]LogModuleManager: Shutting down and abandoning module ClothingSystemRuntime (218)
[2018.03.04-16.47.11:585][869]LogModuleManager: Shutting down and abandoning module Overlay (216)
[2018.03.04-16.47.11:585][869]LogModuleManager: Shutting down and abandoning module OverlayEditor (215)
[2018.03.04-16.47.11:585][869]LogModuleManager: Shutting down and abandoning module MediaAssets (212)
[2018.03.04-16.47.11:585][869]LogModuleManager: Shutting down and abandoning module VREditor (210)
[2018.03.04-16.47.11:585][869]LogModuleManager: Shutting down and abandoning module StringTableEditor (208)
[2018.03.04-16.47.11:585][869]LogModuleManager: Shutting down and abandoning module GameplayTasksEditor (206)
[2018.03.04-16.47.11:585][869]LogModuleManager: Shutting down and abandoning module BehaviorTreeEditor (204)
[2018.03.04-16.47.11:585][869]LogModuleManager: Shutting down and abandoning module FunctionalTesting (202)
[2018.03.04-16.47.11:585][869]LogModuleManager: Shutting down and abandoning module CollisionAnalyzer (200)
[2018.03.04-16.47.11:585][869]LogModuleManager: Shutting down and abandoning module WorkspaceMenuStructure (199)
[2018.03.04-16.47.11:585][869]LogModuleManager: Shutting down and abandoning module UMG (196)
[2018.03.04-16.47.11:585][869]LogModuleManager: Shutting down and abandoning module UMGEditor (195)
[2018.03.04-16.47.11:585][869]LogModuleManager: Shutting down and abandoning module Sequencer (194)
[2018.03.04-16.47.11:585][869]LogModuleManager: Shutting down and abandoning module MessageLog (191)
[2018.03.04-16.47.11:585][869]LogModuleManager: Shutting down and abandoning module SlateReflector (186)
[2018.03.04-16.47.11:585][869]LogModuleManager: Shutting down and abandoning module Slate (184)
[2018.03.04-16.47.11:585][869]LogModuleManager: Shutting down and abandoning module EditorStyle (182)
[2018.03.04-16.47.11:587][869]LogModuleManager: Shutting down and abandoning module MRMesh (180)
[2018.03.04-16.47.11:587][869]LogModuleManager: Shutting down and abandoning module SourceCodeAccess (178)
[2018.03.04-16.47.11:587][869]LogModuleManager: Shutting down and abandoning module HeadMountedDisplay (176)
[2018.03.04-16.47.11:587][869]LogModuleManager: Shutting down and abandoning module XAudio2 (174)
[2018.03.04-16.47.11:587][869]LogModuleManager: Shutting down and abandoning module Networking (172)
[2018.03.04-16.47.11:587][869]LogModuleManager: Shutting down and abandoning module Core (168)
[2018.03.04-16.47.11:587][869]LogModuleManager: Shutting down and abandoning module KismetCompiler (164)
[2018.03.04-16.47.11:587][869]LogModuleManager: Shutting down and abandoning module MeshUtilities (162)
[2018.03.04-16.47.11:587][869]LogModuleManager: Shutting down and abandoning module MeshMergeUtilities (161)
[2018.03.04-16.47.11:587][869]LogModuleManager: Shutting down and abandoning module MeshReductionInterface (160)
[2018.03.04-16.47.11:587][869]LogModuleManager: Shutting down and abandoning module SimplygonSwarm (159)
[2018.03.04-16.47.11:587][869]LogModuleManager: Shutting down and abandoning module SimplygonMeshReduction (157)
[2018.03.04-16.47.11:587][869]LogModuleManager: Shutting down and abandoning module QuadricMeshReduction (155)
[2018.03.04-16.47.11:587][869]LogModuleManager: Shutting down and abandoning module MaterialBaking (151)
[2018.03.04-16.47.11:587][869]LogModuleManager: Shutting down and abandoning module LevelSequence (148)
[2018.03.04-16.47.11:587][869]LogModuleManager: Shutting down and abandoning module DirectoryWatcher (146)
[2018.03.04-16.47.11:590][869]LogModuleManager: Shutting down and abandoning module DerivedDataCache (144)
[2018.03.04-16.47.11:654][869]LogDerivedDataCache: Shutdown
[2018.03.04-16.47.11:654][869]LogModuleManager: Shutting down and abandoning module TargetPlatform (142)
[2018.03.04-16.47.11:654][869]LogModuleManager: Shutting down and abandoning module VulkanShaderFormat (141)
[2018.03.04-16.47.11:654][869]LogModuleManager: Shutting down and abandoning module ShaderFormatVectorVM (139)
[2018.03.04-16.47.11:654][869]LogModuleManager: Shutting down and abandoning module ShaderFormatOpenGL (137)
[2018.03.04-16.47.11:654][869]LogModuleManager: Shutting down and abandoning module ShaderFormatD3D (135)
[2018.03.04-16.47.11:654][869]LogModuleManager: Shutting down and abandoning module MetalShaderFormat (133)
[2018.03.04-16.47.11:654][869]LogModuleManager: Shutting down and abandoning module TextureFormatUncompressed (131)
[2018.03.04-16.47.11:654][869]LogModuleManager: Shutting down and abandoning module TextureFormatPVR (129)
[2018.03.04-16.47.11:654][869]LogModuleManager: Shutting down and abandoning module TextureFormatDXT (127)
[2018.03.04-16.47.11:654][869]LogModuleManager: Shutting down and abandoning module TextureFormatIntelISPCTexComp (125)
[2018.03.04-16.47.11:654][869]LogModuleManager: Shutting down and abandoning module TextureFormatASTC (123)
[2018.03.04-16.47.11:654][869]LogModuleManager: Shutting down and abandoning module ImageWrapper (122)
[2018.03.04-16.47.11:654][869]LogModuleManager: Shutting down and abandoning module TextureFormatAndroid (119)
[2018.03.04-16.47.11:654][869]LogModuleManager: Shutting down and abandoning module AudioFormatOpus (117)
[2018.03.04-16.47.11:654][869]LogModuleManager: Shutting down and abandoning module AudioFormatOgg (115)
[2018.03.04-16.47.11:654][869]LogModuleManager: Shutting down and abandoning module AudioFormatADPCM (113)
[2018.03.04-16.47.11:654][869]LogModuleManager: Shutting down and abandoning module LinuxTargetPlatform (111)
[2018.03.04-16.47.11:654][869]LogModuleManager: Shutting down and abandoning module LinuxServerTargetPlatform (109)
[2018.03.04-16.47.11:654][869]LogModuleManager: Shutting down and abandoning module LinuxNoEditorTargetPlatform (107)
[2018.03.04-16.47.11:654][869]LogModuleManager: Shutting down and abandoning module LinuxClientTargetPlatform (105)
[2018.03.04-16.47.11:654][869]LogModuleManager: Shutting down and abandoning module TVOSTargetPlatform (103)
[2018.03.04-16.47.11:654][869]LogModuleManager: Shutting down and abandoning module Messaging (101)
[2018.03.04-16.47.11:654][869]LogModuleManager: Shutting down and abandoning module IOSTargetPlatform (99)
[2018.03.04-16.47.11:655][869]LogModuleManager: Shutting down and abandoning module HTML5TargetPlatform (97)
[2018.03.04-16.47.11:655][869]LogModuleManager: Shutting down and abandoning module Android_PVRTCTargetPlatform (95)
[2018.03.04-16.47.11:655][869]LogModuleManager: Shutting down and abandoning module Android_MultiTargetPlatform (93)
[2018.03.04-16.47.11:655][869]LogModuleManager: Shutting down and abandoning module Android_ETC2TargetPlatform (91)
[2018.03.04-16.47.11:655][869]LogModuleManager: Shutting down and abandoning module Android_ETC1TargetPlatform (89)
[2018.03.04-16.47.11:655][869]LogModuleManager: Shutting down and abandoning module Android_DXTTargetPlatform (87)
[2018.03.04-16.47.11:655][869]LogModuleManager: Shutting down and abandoning module Android_ATCTargetPlatform (85)
[2018.03.04-16.47.11:655][869]LogModuleManager: Shutting down and abandoning module Android_ASTCTargetPlatform (83)
[2018.03.04-16.47.11:655][869]LogModuleManager: Shutting down and abandoning module AndroidTargetPlatform (81)
[2018.03.04-16.47.11:655][869]LogModuleManager: Shutting down and abandoning module WindowsTargetPlatform (79)
[2018.03.04-16.47.11:655][869]LogModuleManager: Shutting down and abandoning module WindowsServerTargetPlatform (77)
[2018.03.04-16.47.11:655][869]LogModuleManager: Shutting down and abandoning module WindowsNoEditorTargetPlatform (75)
[2018.03.04-16.47.11:655][869]LogModuleManager: Shutting down and abandoning module WindowsClientTargetPlatform (73)
[2018.03.04-16.47.11:655][869]LogModuleManager: Shutting down and abandoning module MacTargetPlatform (71)
[2018.03.04-16.47.11:655][869]LogModuleManager: Shutting down and abandoning module MacServerTargetPlatform (69)
[2018.03.04-16.47.11:655][869]LogModuleManager: Shutting down and abandoning module MacNoEditorTargetPlatform (67)
[2018.03.04-16.47.11:655][869]LogModuleManager: Shutting down and abandoning module MacClientTargetPlatform (65)
[2018.03.04-16.47.11:655][869]LogModuleManager: Shutting down and abandoning module AllDesktopTargetPlatform (63)
[2018.03.04-16.47.11:655][869]LogModuleManager: Shutting down and abandoning module InputCore (60)
[2018.03.04-16.47.11:655][869]LogModuleManager: Shutting down and abandoning module Settings (58)
[2018.03.04-16.47.11:655][869]LogModuleManager: Shutting down and abandoning module PhysXCooking (56)
[2018.03.04-16.47.11:655][869]LogModuleManager: Shutting down and abandoning module SteamVR (54)
[2018.03.04-16.47.11:655][869]LogModuleManager: Shutting down and abandoning module OculusHMD (52)
[2018.03.04-16.47.11:655][869]LogModuleManager: Shutting down and abandoning module ExampleDeviceProfileSelector (50)
[2018.03.04-16.47.11:655][869]LogModuleManager: Shutting down and abandoning module OnlineBlueprintSupport (48)
[2018.03.04-16.47.11:655][869]LogModuleManager: Shutting down and abandoning module OnlineSubsystem (44)
[2018.03.04-16.47.11:655][869]LogOnline: Display: Unloading online subsystem: NULL
[2018.03.04-16.47.11:655][869]LogModuleManager: Shutting down and abandoning module XMPP (43)
[2018.03.04-16.47.11:655][869]LogModuleManager: Shutting down and abandoning module HTTP (41)
[2018.03.04-16.47.11:655][869]LogHttp: Display: Http module shutting down, but needs to wait on 1 outstanding Http requests:
[2018.03.04-16.47.11:655][869]LogHttp: Display: 	verb=[POST] url=[https://datarouter.ol.epicgames.com/datarouter/api/v1/public/data?SessionID=%7B11F6E3A5-41CF-8FE7-89E2-F68183295616%7D&AppID=UEEditor.Rocket.Release&AppVersion=4.17.2-3658906%2B%2B%2BUE4%2BRelease-4.17&UserID=3a6fd04b42adf69a1c57fe9eff8cb6b9%7Cd5ee714a64264a828067732ad8147691%7C10d76d41-68b4-4796-958d-1a4063de8e36&AppEnvironment=datacollector-binary&UploadType=eteventstream] status=Processing
[2018.03.04-16.47.11:672][869]LogModuleManager: Shutting down and abandoning module SSL (40)
[2018.03.04-16.47.11:674][869]LogModuleManager: Shutting down and abandoning module AnimationModifiers (36)
[2018.03.04-16.47.11:674][869]LogModuleManager: Shutting down and abandoning module PropertyEditor (35)
[2018.03.04-16.47.11:674][869]LogModuleManager: Shutting down and abandoning module AudioEditor (32)
[2018.03.04-16.47.11:674][869]LogModuleManager: Shutting down and abandoning module TextureCompressor (30)
[2018.03.04-16.47.11:674][869]LogModuleManager: Shutting down and abandoning module ShaderCore (28)
[2018.03.04-16.47.11:674][869]LogModuleManager: Shutting down and abandoning module Landscape (26)
[2018.03.04-16.47.11:674][869]LogModuleManager: Shutting down and abandoning module SlateRHIRenderer (24)
[2018.03.04-16.47.11:674][869]LogModuleManager: Shutting down and abandoning module OpenGLDrv (22)
[2018.03.04-16.47.11:675][869]LogModuleManager: Shutting down and abandoning module D3D11RHI (20)
[2018.03.04-16.47.11:675][869]LogModuleManager: Shutting down and abandoning module AnimGraphRuntime (18)
[2018.03.04-16.47.11:675][869]LogModuleManager: Shutting down and abandoning module Renderer (16)
[2018.03.04-16.47.11:675][869]LogModuleManager: Shutting down and abandoning module Engine (14)
[2018.03.04-16.47.11:675][869]LogModuleManager: Shutting down and abandoning module CoreUObject (12)
[2018.03.04-16.47.11:675][869]LogModuleManager: Shutting down and abandoning module NetworkFile (10)
[2018.03.04-16.47.11:675][869]LogModuleManager: Shutting down and abandoning module CookedIterativeFile (8)
[2018.03.04-16.47.11:675][869]LogModuleManager: Shutting down and abandoning module StreamingFile (6)
[2018.03.04-16.47.11:675][869]LogModuleManager: Shutting down and abandoning module SandboxFile (4)
[2018.03.04-16.47.11:675][869]LogModuleManager: Shutting down and abandoning module PakFile (2)
[2018.03.04-16.47.11:677][869]LogExit: Exiting.
[2018.03.04-16.47.12:006][869]Log file closed, 03/04/18 18:47:12
