Log file open, 03/04/18 18:09:20
LogWindows: Failed to load 'aqProf.dll' (GetLastError=126)
LogWindows: File 'aqProf.dll' does not exist
LogWindows: Failed to load 'VtuneApi.dll' (GetLastError=126)
LogWindows: File 'VtuneApi.dll' does not exist
LogWindows: Failed to load 'VtuneApi32e.dll' (GetLastError=126)
LogWindows: File 'VtuneApi32e.dll' does not exist
LogInit: Display: Running engine for game: Pirate_Seige
LogPlatformFile: Not using cached read wrapper
LogInit: Display: RandInit(209302304) SRandInit(209302304).
LogTaskGraph: Started task graph with 5 named threads and 14 total threads with 3 sets of task threads.
LogStats: Stats thread started at 0.157738
LogD3D11RHI: Aftermath initialized
LogPluginManager: Mounting plugin Paper2D
LogPluginManager: Mounting plugin LightPropagationVolume
LogPluginManager: Mounting plugin CodeLiteSourceCodeAccess
LogPluginManager: Mounting plugin GitSourceControl
LogPluginManager: Mounting plugin KDevelopSourceCodeAccess
LogPluginManager: Mounting plugin NullSourceCodeAccess
LogPluginManager: Mounting plugin PerforceSourceControl
LogPluginManager: Mounting plugin SubversionSourceControl
LogPluginManager: Mounting plugin UObjectPlugin
LogPluginManager: Mounting plugin VisualStudioSourceCodeAccess
LogPluginManager: Mounting plugin XCodeSourceCodeAccess
LogPluginManager: Mounting plugin AssetManagerEditor
LogPluginManager: Mounting plugin AudioCapture
LogPluginManager: Mounting plugin FacialAnimation
LogPluginManager: Mounting plugin GameplayTagsEditor
LogPluginManager: Mounting plugin MobileLauncherProfileWizard
LogPluginManager: Mounting plugin PluginBrowser
LogPluginManager: Mounting plugin SpeedTreeImporter
LogPluginManager: Mounting plugin AlembicImporter
LogPluginManager: Mounting plugin CharacterAI
LogPluginManager: Mounting plugin HTML5Networking
LogPluginManager: Mounting plugin AndroidMedia
LogPluginManager: Mounting plugin AvfMedia
LogPluginManager: Mounting plugin MediaPlayerEditor
LogPluginManager: Mounting plugin WmfMedia
LogPluginManager: Mounting plugin TcpMessaging
LogPluginManager: Mounting plugin UdpMessaging
LogPluginManager: Mounting plugin LevelSequenceEditor
LogPluginManager: Mounting plugin MatineeToLevelSequence
LogPluginManager: Mounting plugin OnlineSubsystemGooglePlay
LogPluginManager: Mounting plugin OnlineSubsystemIOS
LogPluginManager: Mounting plugin OnlineSubsystem
LogPluginManager: Mounting plugin OnlineSubsystemNull
LogPluginManager: Mounting plugin OnlineSubsystemUtils
LogPluginManager: Mounting plugin AndroidDeviceProfileSelector
LogPluginManager: Mounting plugin AndroidMoviePlayer
LogPluginManager: Mounting plugin AndroidPermission
LogPluginManager: Mounting plugin AppleMoviePlayer
LogPluginManager: Mounting plugin ArchVisCharacter
LogPluginManager: Mounting plugin CableComponent
LogPluginManager: Mounting plugin CustomMeshComponent
LogPluginManager: Mounting plugin ExampleDeviceProfileSelector
LogPluginManager: Mounting plugin GoogleCloudMessaging
LogPluginManager: Mounting plugin ImmediatePhysics
LogPluginManager: Mounting plugin IOSDeviceProfileSelector
LogPluginManager: Mounting plugin LinuxDeviceProfileSelector
LogPluginManager: Mounting plugin LocationServicesBPLibrary
LogPluginManager: Mounting plugin MobilePatchingUtils
LogPluginManager: Mounting plugin OculusVR
LogPluginManager: Mounting plugin PhysXVehicles
LogPluginManager: Mounting plugin ProceduralMeshComponent
LogPluginManager: Mounting plugin RuntimePhysXCooking
LogPluginManager: Mounting plugin SteamVR
LogPluginManager: Mounting plugin WindowsMoviePlayer
LogInit: Using libcurl 7.47.1
LogInit:  - built for x86_64-pc-win32
LogInit:  - supports SSL with OpenSSL/1.0.2g
LogInit:  - supports HTTP deflate (compression) using libz 1.2.8
LogInit:  - other features:
LogInit:      CURL_VERSION_SSL
LogInit:      CURL_VERSION_LIBZ
LogInit:      CURL_VERSION_IPV6
LogInit:      CURL_VERSION_ASYNCHDNS
LogInit:      CURL_VERSION_LARGEFILE
LogInit:      CURL_VERSION_IDN
LogInit:  CurlRequestOptions (configurable via config and command line):
LogInit:  - bVerifyPeer = false  - Libcurl will NOT verify peer certificate
LogInit:  - bUseHttpProxy = false  - Libcurl will NOT use HTTP proxy
LogInit:  - bDontReuseConnections = false  - Libcurl will reuse connections
LogInit:  - CertBundlePath = nullptr  - Libcurl will use whatever was configured at build time.
LogInit: Build: ++UE4+Release-4.17-CL-3658906
LogInit: Engine Version: 4.17.2-3658906+++UE4+Release-4.17
LogInit: Compatible Engine Version: 4.17.0-3573198+++UE4+Release-4.17
LogInit: Net CL: 3573198
LogDevObjectVersion: Number of dev versions registered: 16
LogDevObjectVersion:   Dev-Blueprints (B0D832E4-1F89-4F0D-ACCF-7EB736FD4AA2): 10
LogDevObjectVersion:   Dev-Build (E1C64328-A22C-4D53-A36C-8E866417BD8C): 0
LogDevObjectVersion:   Dev-Core (375EC13C-06E4-48FB-B500-84F0262A717E): 2
LogDevObjectVersion:   Dev-Editor (E4B068ED-F494-42E9-A231-DA0B2E46BB41): 20
LogDevObjectVersion:   Dev-Framework (CFFC743F-43B0-4480-9391-14DF171D2073): 28
LogDevObjectVersion:   Dev-Mobile (B02B49B5-BB20-44E9-A304-32B752E40360): 0
LogDevObjectVersion:   Dev-Networking (A4E4105C-59A1-49B5-A7C5-40C4547EDFEE): 0
LogDevObjectVersion:   Dev-Online (39C831C9-5AE6-47DC-9A44-9C173E1C8E7C): 0
LogDevObjectVersion:   Dev-Physics (78F01B33-EBEA-4F98-B9B4-84EACCB95AA2): 0
LogDevObjectVersion:   Dev-Platform (6631380F-2D4D-43E0-8009-CF276956A95A): 0
LogDevObjectVersion:   Dev-Rendering (12F88B9F-8875-4AFC-A67C-D90C383ABD29): 19
LogDevObjectVersion:   Dev-Sequencer (7B5AE74C-D270-4C10-A958-57980B212A5A): 4
LogDevObjectVersion:   Dev-VR (D7296918-1DD6-4BDD-9DE2-64A83CC13884): 0
LogDevObjectVersion:   Dev-LoadTimes (C2A15278-BFE7-4AFE-6C17-90FF531DF755): 1
LogDevObjectVersion:   Private-Geometry (6EACA3D4-40EC-4CC1-B786-8BED09428FC5): 1
LogDevObjectVersion:   Dev-AnimPhys (29E575DD-E0A3-4627-9D10-D276232CDCEA): 7
LogInit: Compiled (64-bit): Sep 22 2017 13:47:16
LogInit: Compiled with Visual C++: 19.00.24215.01
LogInit: Build Configuration: Development
LogInit: Branch Name: ++UE4+Release-4.17
LogInit: Command line:  
LogInit: Base directory: D:/Epic Games/UE_4.17/Engine/Binaries/Win64/
LogInit: Installed Engine Build: 1
LogInit: Presizing for max 8388607 objects, including 0 objects not considered by GC, pre-allocating 0 bytes for permanent pool.
LogInit: Object subsystem initialized
[2018.03.04-16.09.20:711][  0]LogInit: Selected Device Profile: [Windows]
[2018.03.04-16.09.20:711][  0]LogInit: Applying CVar settings loaded from the selected device profile: [Windows]
[2018.03.04-16.09.20:722][  0]LogInit: Computer: USER-PC
[2018.03.04-16.09.20:722][  0]LogInit: User: user
[2018.03.04-16.09.20:722][  0]LogInit: CPU Page size=4096, Cores=4
[2018.03.04-16.09.20:722][  0]LogInit: High frequency timer resolution =3.514658 MHz
[2018.03.04-16.09.20:722][  0]LogMemory: Memory total: Physical=7.9GB (8GB approx)
[2018.03.04-16.09.20:722][  0]LogMemory: Platform Memory Stats for Windows
[2018.03.04-16.09.20:722][  0]LogMemory: Process Physical Memory: 279.46 MB used, 279.46 MB peak
[2018.03.04-16.09.20:722][  0]LogMemory: Process Virtual Memory: 277.25 MB used, 277.25 MB peak
[2018.03.04-16.09.20:722][  0]LogMemory: Physical Memory: 6085.09 MB used,  2046.71 MB free, 8131.80 MB total
[2018.03.04-16.09.20:722][  0]LogMemory: Virtual Memory: 649.21 MB used,  2046.71 MB free, 8388608.00 MB total
[2018.03.04-16.09.20:830][  0]LogInit: Using OS detected language (en-US).
[2018.03.04-16.09.20:830][  0]LogInit: Using OS detected locale (en-US).
[2018.03.04-16.09.20:834][  0]LogTextLocalizationManager: No specific localization for 'en-US' exists, so the 'en' localization will be used.
[2018.03.04-16.09.21:400][  0]LogD3D11RHI: D3D11 adapters:
[2018.03.04-16.09.21:425][  0]LogD3D11RHI:    0. 'NVIDIA GeForce GTX 960' (Feature Level 11_0)
[2018.03.04-16.09.21:425][  0]LogD3D11RHI:       1969/0/3809 MB DedicatedVideo/DedicatedSystem/SharedSystem, Outputs:1, VendorId:0x10de
[2018.03.04-16.09.21:425][  0]LogD3D11RHI: Chosen D3D11 Adapter: 0
[2018.03.04-16.09.21:430][  0]LogD3D11RHI: Creating new Direct3DDevice
[2018.03.04-16.09.21:430][  0]LogD3D11RHI:     GPU DeviceId: 0x1401 (for the marketing name, search the web for "GPU Device Id")
[2018.03.04-16.09.21:430][  0]LogWindows: EnumDisplayDevices:
[2018.03.04-16.09.21:430][  0]LogWindows:    0. 'NVIDIA GeForce GTX 960' (P:1 D:1)
[2018.03.04-16.09.21:431][  0]LogWindows:    1. 'NVIDIA GeForce GTX 960' (P:0 D:0)
[2018.03.04-16.09.21:431][  0]LogWindows:    2. 'NVIDIA GeForce GTX 960' (P:0 D:0)
[2018.03.04-16.09.21:431][  0]LogWindows:    3. 'NVIDIA GeForce GTX 960' (P:0 D:0)
[2018.03.04-16.09.21:431][  0]LogWindows:    4. 'RDPDD Chained DD' (P:0 D:0)
[2018.03.04-16.09.21:431][  0]LogWindows:    5. 'RDP Encoder Mirror Driver' (P:0 D:0)
[2018.03.04-16.09.21:431][  0]LogWindows:    6. 'RDP Reflector Display Driver' (P:0 D:0)
[2018.03.04-16.09.21:432][  0]LogWindows: DebugString: GetVideoDriverDetailsInvalid PrimaryIsNotTheChoosenAdapter GetVideoDriverDetailsInvalid PrimaryIsNotTheChoosenAdapter GetVideoDriverDetailsInvalid PrimaryIsNotTheChoosenAdapter FoundDriverCount:4 
[2018.03.04-16.09.21:432][  0]LogD3D11RHI:     Adapter Name: NVIDIA GeForce GTX 960
[2018.03.04-16.09.21:432][  0]LogD3D11RHI:   Driver Version: 388.13 (internal:23.21.13.8813, unified:388.13)
[2018.03.04-16.09.21:432][  0]LogD3D11RHI:      Driver Date: 10-27-2017
[2018.03.04-16.09.21:432][  0]LogRHI: Texture pool is 1361 MB (70% of 1945 MB)
[2018.03.04-16.09.21:442][  0]LogD3D11RHI: Async texture creation enabled
[2018.03.04-16.09.21:497][  0]LogD3D11RHI: GPU Timing Frequency: 1000.000000 (Debug: 2 2)
[2018.03.04-16.09.21:545][  0]LogShaderCompilers: Guid format shader working directory is 8 characters bigger than the processId version (C:/Users/user/Desktop/Pirate_Seige_02/Intermediate/Shaders/WorkingDirectory/4336/).
[2018.03.04-16.09.21:545][  0]LogShaderCompilers: Cleaned the shader compiler working directory 'C:/Users/user/AppData/Local/Temp/UnrealShaderWorkingDir/33E6BF7E40EACFB0B21DE59A5201DC14/'.
[2018.03.04-16.09.21:545][  0]LogShaderCompilers: Display: Using Local Shader Compiler.
[2018.03.04-16.09.22:514][  0]LogTemp: Display: Loaded TP AllDesktopTargetPlatform
[2018.03.04-16.09.22:553][  0]LogTemp: Display: Loaded TP MacClientTargetPlatform
[2018.03.04-16.09.22:593][  0]LogTemp: Display: Loaded TP MacNoEditorTargetPlatform
[2018.03.04-16.09.22:632][  0]LogTemp: Display: Loaded TP MacServerTargetPlatform
[2018.03.04-16.09.22:672][  0]LogTemp: Display: Loaded TP MacTargetPlatform
[2018.03.04-16.09.22:713][  0]LogTemp: Display: Loaded TP WindowsClientTargetPlatform
[2018.03.04-16.09.22:753][  0]LogTemp: Display: Loaded TP WindowsNoEditorTargetPlatform
[2018.03.04-16.09.22:793][  0]LogTemp: Display: Loaded TP WindowsServerTargetPlatform
[2018.03.04-16.09.22:826][  0]LogTemp: Display: Loaded TP WindowsTargetPlatform
[2018.03.04-16.09.22:865][  0]LogTemp: Display: Loaded TP AndroidTargetPlatform
[2018.03.04-16.09.22:903][  0]LogTemp: Display: Loaded TP Android_ASTCTargetPlatform
[2018.03.04-16.09.22:941][  0]LogTemp: Display: Loaded TP Android_ATCTargetPlatform
[2018.03.04-16.09.22:978][  0]LogTemp: Display: Loaded TP Android_DXTTargetPlatform
[2018.03.04-16.09.23:016][  0]LogTemp: Display: Loaded TP Android_ETC1TargetPlatform
[2018.03.04-16.09.23:054][  0]LogTemp: Display: Loaded TP Android_ETC2TargetPlatform
[2018.03.04-16.09.23:131][  0]LogTemp: Display: Loaded TP Android_MultiTargetPlatform
[2018.03.04-16.09.23:131][  0]LogTemp: Display: Loaded TP Android_PVRTCTargetPlatform
[2018.03.04-16.09.23:160][  0]LogTemp: Display: Loaded TP HTML5TargetPlatform
[2018.03.04-16.09.23:230][  0]LogTemp: Display: Loaded TP IOSTargetPlatform
[2018.03.04-16.09.23:249][  0]LogTemp: Display: Loaded TP TVOSTargetPlatform
[2018.03.04-16.09.23:288][  0]LogTemp: Display: Loaded TP LinuxClientTargetPlatform
[2018.03.04-16.09.23:325][  0]LogTemp: Display: Loaded TP LinuxNoEditorTargetPlatform
[2018.03.04-16.09.23:363][  0]LogTemp: Display: Loaded TP LinuxServerTargetPlatform
[2018.03.04-16.09.23:401][  0]LogTemp: Display: Loaded TP LinuxTargetPlatform
[2018.03.04-16.09.23:401][  0]LogTargetPlatformManager: Display: Building Assets For Windows
[2018.03.04-16.09.23:717][  0]LogDerivedDataCache: Display: Max Cache Size: 512 MB
[2018.03.04-16.09.23:821][  0]LogDerivedDataCache: Loaded boot cache 0.10s 93MB C:/Users/user/AppData/Local/UnrealEngine/4.17/DerivedDataCache/Boot.ddc.
[2018.03.04-16.09.23:822][  0]LogDerivedDataCache: Display: Loaded Boot cache: C:/Users/user/AppData/Local/UnrealEngine/4.17/DerivedDataCache/Boot.ddc
[2018.03.04-16.09.23:822][  0]LogDerivedDataCache: FDerivedDataBackendGraph:  Pak pak cache file C:/Users/user/Desktop/Pirate_Seige_02/DerivedDataCache/DDC.ddp not found, will not use a pak cache.
[2018.03.04-16.09.23:822][  0]LogDerivedDataCache: Unable to find inner node Pak for hierarchical cache Hierarchy.
[2018.03.04-16.09.23:822][  0]LogDerivedDataCache: FDerivedDataBackendGraph:  CompressedPak pak cache file C:/Users/user/Desktop/Pirate_Seige_02/DerivedDataCache/Compressed.ddp not found, will not use a pak cache.
[2018.03.04-16.09.23:822][  0]LogDerivedDataCache: Unable to find inner node CompressedPak for hierarchical cache Hierarchy.
[2018.03.04-16.09.23:839][  0]LogDerivedDataCache: Display: Pak cache opened for reading ../../../Engine/DerivedDataCache/Compressed.ddp.
[2018.03.04-16.09.23:850][  0]LogDerivedDataCache: Using Local data cache path C:/Users/user/AppData/Local/UnrealEngine/Common/DerivedDataCache: Writable
[2018.03.04-16.09.23:860][  0]LogMaterial: Verifying Global Shaders for PCD3D_SM5
[2018.03.04-16.09.23:860][  0]LogSlate: Using Freetype 2.6.0
[2018.03.04-16.09.23:861][  0]LogSlate: SlateFontCache - WITH_FREETYPE: 1, WITH_HARFBUZZ: 1
[2018.03.04-16.09.23:861][  0]LogSlate: SlateFontCache - WITH_FREETYPE: 1, WITH_HARFBUZZ: 1
[2018.03.04-16.09.24:101][  0]LogAssetRegistry: FAssetRegistry took 0.0242 seconds to start up
[2018.03.04-16.09.24:251][  0]LogInit: Selected Device Profile: [Windows]
[2018.03.04-16.09.24:254][  0]LogContentStreaming: Texture pool size is 0.00 MB
[2018.03.04-16.09.24:557][  0]LogSimplygon: Simplygon DLL not present - disabling.
[2018.03.04-16.09.24:587][  0]LogMeshReduction: Using SimplygonSwarm for distributed automatic mesh merging
[2018.03.04-16.09.24:587][  0]LogMeshReduction: Using QuadricMeshReduction for automatic static mesh reduction
[2018.03.04-16.09.24:587][  0]LogMeshReduction: No automatic skeletal mesh reduction module available
[2018.03.04-16.09.24:587][  0]LogMeshReduction: No automatic mesh merging module available
[2018.03.04-16.09.24:587][  0]LogMeshMerging: No automatic mesh merging module available
[2018.03.04-16.09.24:924][  0]LogNetVersion: Pirate_Seige , NetCL: 3573198, EngineNetVer: 2, GameNetVer: 0 (Checksum: 2993076473)
[2018.03.04-16.09.25:099][  0]LogPackageLocalizationCache: Processed 5 localized package path(s) for 2 prioritized culture(s) in 0.036568 seconds
[2018.03.04-16.09.25:105][  0]LogUObjectArray: 35825 objects as part of root set at end of initial load.
[2018.03.04-16.09.25:105][  0]LogUObjectAllocator: 7529112 out of 0 bytes used by permanent object pool.
[2018.03.04-16.09.25:105][  0]LogUObjectArray: CloseDisregardForGC: 0/0 objects in disregard for GC pool
[2018.03.04-16.09.25:142][  0]LogInit: WinSock: version 1.1 (2.2), MaxSocks=32767, MaxUdp=65467
[2018.03.04-16.09.27:168][  0]LogTcpMessaging: Initializing TcpMessaging bridge
[2018.03.04-16.09.27:197][  0]LogUdpMessaging: Initializing bridge on interface 0.0.0.0:0 to multicast group 230.0.0.1:6666.
[2018.03.04-16.09.27:693][  0]LogMaterial: Uniform references updated for custom material expression Custom.
[2018.03.04-16.09.28:010][  0]SourceControl: Source control is disabled
[2018.03.04-16.09.28:010][  0]SourceControl: Source control is disabled
[2018.03.04-16.09.28:046][  0]SourceControl: Source control is disabled
[2018.03.04-16.09.28:081][  0]SourceControl: Source control is disabled
[2018.03.04-16.09.28:505][  0]LogAndroidPermission: UAndroidPermissionCallbackProxy::GetInstance
[2018.03.04-16.09.28:690][  0]LogOcInput: OculusInput pre-init called
[2018.03.04-16.09.28:887][  0]LogEngine: Initializing Engine...
[2018.03.04-16.09.28:889][  0]LogHMD: Failed to initialize OpenVR with code 110
[2018.03.04-16.09.29:100][  0]LogStats: UGameplayTagsManager::ConstructGameplayTagTree: Construct from data asset -  0.000 s
[2018.03.04-16.09.29:100][  0]LogStats: UGameplayTagsManager::ConstructGameplayTagTree: GameplayTagTreeChangedEvent.Broadcast -  0.000 s
[2018.03.04-16.09.29:199][  0]LogAIModule: Creating AISystem for world Untitled
[2018.03.04-16.09.29:215][  0]LogInit: XAudio2 using 'Speakers (Realtek High Definition Audio)' : 2 channels at 48 kHz using 32 bits per sample (channel mask 0x3)
[2018.03.04-16.09.29:255][  0]LogInit: FAudioDevice initialized.
[2018.03.04-16.09.29:406][  0]LogDerivedDataCache: Saved boot cache 0.15s 93MB C:/Users/user/AppData/Local/UnrealEngine/4.17/DerivedDataCache/Boot.ddc.
[2018.03.04-16.09.29:428][  0]LogInit: Texture streaming: Enabled
[2018.03.04-16.09.29:495][  0]LogEngineSessionManager: EngineSessionManager initialized
[2018.03.04-16.09.29:656][  0]LogInit: Transaction tracking system initialized
[2018.03.04-16.09.29:879][  0]BlueprintLog: New page: Editor Load
[2018.03.04-16.09.30:501][  0]LocalizationService: Localization service is disabled
[2018.03.04-16.09.31:001][  0]LogConsoleResponse: Display: 
[2018.03.04-16.09.31:157][  0]LogCook: Display: Max memory allowance for cook 16384mb min free memory 0mb
[2018.03.04-16.09.31:157][  0]LogCook: Display: Mobile HDR setting 1
[2018.03.04-16.09.31:157][  0]LogGameplayTags: Display: UGameplayTagsManager::DoneAddingNativeTags. DelegateIsBound: 0
[2018.03.04-16.09.31:885][  0]LogFileCache: Scanning file cache for directory 'C:/Users/user/Desktop/Pirate_Seige_02/Content/' took 0.01s
[2018.03.04-16.09.31:919][  0]SourceControl: Source control is disabled
[2018.03.04-16.09.31:919][  0]Cmd: MAP LOAD FILE="C:/Users/user/Desktop/Pirate_Seige_02/Content/2DSideScrollerBP/Maps/2DSideScrollerExampleMap.umap" TEMPLATE=0 SHOWPROGRESS=1 FEATURELEVEL=3
[2018.03.04-16.09.31:920][  0]LightingResults: New page: Lighting Build
[2018.03.04-16.09.31:951][  0]MapCheck: New page: Map Check
[2018.03.04-16.09.31:951][  0]LightingResults: New page: Lighting Build
[2018.03.04-16.09.32:137][  0]LogAIModule: Creating AISystem for world 2DSideScrollerExampleMap
[2018.03.04-16.09.32:140][  0]LogEditorServer: Finished looking for orphan Actors (0.000 secs)
[2018.03.04-16.09.32:150][  0]Cmd: MAP CHECKDEP NOCLEARLOG
[2018.03.04-16.09.32:191][  0]MapCheck: Map check complete: 0 Error(s), 0 Warning(s), took 41.254ms to complete.
[2018.03.04-16.09.32:192][  0]LogFileHelpers: Loading map '2DSideScrollerExampleMap' took 0.272
[2018.03.04-16.09.32:312][  0]LogCollectionManager: Loaded 0 collections in 0.002030 seconds
[2018.03.04-16.09.32:378][  0]LogFileCache: Scanning file cache for directory 'C:/Users/user/Desktop/Pirate_Seige_02/Saved/Collections/' took 0.01s
[2018.03.04-16.09.32:378][  0]LogFileCache: Scanning file cache for directory 'C:/Users/user/Desktop/Pirate_Seige_02/Content/Developers/user/Collections/' took 0.01s
[2018.03.04-16.09.32:378][  0]LogFileCache: Scanning file cache for directory 'C:/Users/user/Desktop/Pirate_Seige_02/Content/Collections/' took 0.01s
[2018.03.04-16.09.32:378][  0]LogCollectionManager: Rebuilt the GUID cache for 0 collections in 0.000001 seconds
[2018.03.04-16.09.32:385][  0]LogContentBrowser: Native class hierarchy populated in 0.0076 seconds. Added 2386 classes and 500 folders.
[2018.03.04-16.09.32:430][  0]LogContentBrowser: Native class hierarchy updated for 'WidgetCarousel' in 0.0006 seconds. Added 0 classes and 0 folders.
[2018.03.04-16.09.32:471][  0]LogContentBrowser: Native class hierarchy updated for 'AddContentDialog' in 0.0005 seconds. Added 0 classes and 0 folders.
[2018.03.04-16.09.32:504][  0]LogContentBrowser: Native class hierarchy updated for 'SceneOutliner' in 0.0005 seconds. Added 1 classes and 2 folders.
[2018.03.04-16.09.32:523][  0]LogSlate: Took 0.000262 seconds to synchronously load lazily loaded font '../../../Engine/Content/Slate/Fonts/Roboto-Regular.ttf' (155K)
[2018.03.04-16.09.32:525][  0]LogSlate: Took 0.000190 seconds to synchronously load lazily loaded font '../../../Engine/Content/Slate/Fonts/Roboto-Bold.ttf' (160K)
[2018.03.04-16.09.32:529][  0]LogSlate: Took 0.000156 seconds to synchronously load lazily loaded font '../../../Engine/Content/Editor/Slate/Fonts/FontAwesome.ttf' (139K)
[2018.03.04-16.09.32:643][  0]LogRenderer: Reallocating scene render targets to support 1208x596 Format 10 NumSamples 1 (Frame:1).
[2018.03.04-16.09.32:909][  0]LogContentBrowser: Native class hierarchy updated for 'HierarchicalLODOutliner' in 0.0005 seconds. Added 1 classes and 2 folders.
[2018.03.04-16.09.32:910][  0]LogLoad: (Engine Initialization) Total time: 13.62 seconds
[2018.03.04-16.09.32:910][  0]LogLoad: (Engine Initialization) Total Blueprint compile time: 0.00 seconds
[2018.03.04-16.09.32:910][  0]LogExternalProfiler: Found external profiler: VSPerf
[2018.03.04-16.09.32:910][  0]LogExternalProfiler: Using external profiler: VSPerf
[2018.03.04-16.09.32:937][  0]LogAssetRegistry: Asset discovery search completed in 8.8569 seconds
[2018.03.04-16.09.32:938][  0]LogCollectionManager: Rebuilt the object cache for 0 collections in 0.000001 seconds (found 0 objects)
[2018.03.04-16.09.32:938][  0]LogCollectionManager: Fixed up redirectors for 0 collections in 0.000030 seconds (updated 0 objects)
[2018.03.04-16.09.32:939][  0]LogContentStreaming: Texture pool size now 1000 MB
[2018.03.04-16.09.32:958][  0]LogSlate: Took 0.000178 seconds to synchronously load lazily loaded font '../../../Engine/Content/Slate/Fonts/Roboto-Light.ttf' (159K)
[2018.03.04-16.09.43:756][230]LogSlate: Took 0.000173 seconds to synchronously load lazily loaded font '../../../Engine/Content/Slate/Fonts/Roboto-Light.ttf' (159K)
[2018.03.04-16.09.43:907][230]LogAIModule: Creating AISystem for world level_01
[2018.03.04-16.09.43:928][230]Cmd: MAP LOAD FILE="C:/Users/user/Desktop/Pirate_Seige_02/Content/2DSideScrollerBP/Blueprints/new_blue_prints/level_01.umap" TEMPLATE=0 SHOWPROGRESS=1 FEATURELEVEL=3
[2018.03.04-16.09.43:928][230]LightingResults: New page: Lighting Build
[2018.03.04-16.09.43:928][230]LoadErrors: New page: Loading map: level_01.umap
[2018.03.04-16.09.43:929][230]MapCheck: New page: Map Check
[2018.03.04-16.09.43:929][230]LightingResults: New page: Lighting Build
[2018.03.04-16.09.43:944][230]LogEditorServer: Finished looking for orphan Actors (0.000 secs)
[2018.03.04-16.09.43:973][230]Cmd: MAP CHECKDEP NOCLEARLOG
[2018.03.04-16.09.44:018][230]MapCheck: Map check complete: 0 Error(s), 0 Warning(s), took 44.91ms to complete.
[2018.03.04-16.09.44:018][230]LogFileHelpers: Loading map 'level_01' took 0.091
[2018.03.04-16.09.45:128][350]LogTemp: Repeating last play command: Selected Viewport
[2018.03.04-16.09.45:193][350]LogPlayLevel: PlayLevel: No blueprints needed recompiling
[2018.03.04-16.09.45:194][350]PIE: New page: PIE session: level_01 (Mar 4, 2018, 8:09:45 PM)
[2018.03.04-16.09.45:194][350]LogPlayLevel: Creating play world package: /Game/2DSideScrollerBP/Blueprints/new_blue_prints/UEDPIE_0_level_01
[2018.03.04-16.09.45:195][350]LogPlayLevel: PIE: StaticDuplicateObject took: (0.001188s)
[2018.03.04-16.09.45:195][350]LogAIModule: Creating AISystem for world level_01
[2018.03.04-16.09.45:196][350]LogPlayLevel: PIE: World Init took: (0.000653s)
[2018.03.04-16.09.45:196][350]LogPlayLevel: PIE: Created PIE world by copying editor world from /Game/2DSideScrollerBP/Blueprints/new_blue_prints/level_01.level_01 to /Game/2DSideScrollerBP/Blueprints/new_blue_prints/UEDPIE_0_level_01.level_01 (0.002207s)
[2018.03.04-16.09.45:210][350]LogInit: XAudio2 using 'Speakers (Realtek High Definition Audio)' : 2 channels at 48 kHz using 32 bits per sample (channel mask 0x3)
[2018.03.04-16.09.45:226][350]LogInit: FAudioDevice initialized.
[2018.03.04-16.09.45:264][350]LogLoad: Game class is 'pirate_game_mode_C'
[2018.03.04-16.09.45:267][350]LogWorld: Bringing World /Game/2DSideScrollerBP/Blueprints/new_blue_prints/UEDPIE_0_level_01.level_01 up for play (max tick rate 0) at 2018.03.04-18.09.45
[2018.03.04-16.09.45:267][350]LogWorld: Bringing up level for play took: 0.001572
[2018.03.04-16.09.45:300][350]LogContentBrowser: Native class hierarchy updated for 'MovieSceneCapture' in 0.0006 seconds. Added 11 classes and 0 folders.
[2018.03.04-16.09.45:301][350]PIE: Play in editor start time for /Game/2DSideScrollerBP/Blueprints/new_blue_prints/UEDPIE_0_level_01 -0.302
[2018.03.04-16.11.03:101][285]LogContentBrowser: Native class hierarchy updated for 'BlueprintGraph' in 0.0010 seconds. Added 113 classes and 0 folders.
[2018.03.04-16.11.03:685][285]LogSlate: Took 0.000210 seconds to synchronously load lazily loaded font '../../../Engine/Content/Slate/Fonts/Roboto-Regular.ttf' (155K)
[2018.03.04-16.11.03:793][285]LogSlate: Took 0.019016 seconds to synchronously load lazily loaded font '../../../Engine/Content/Editor/Slate/Fonts/Roboto-BoldCondensed.ttf' (158K)
[2018.03.04-16.11.04:009][286]LogSlate: Took 0.000255 seconds to synchronously load lazily loaded font '../../../Engine/Content/Editor/Slate/Fonts/Roboto-Italic.ttf' (157K)
[2018.03.04-16.11.05:588][422]LogRenderer: Reallocating scene render targets to support 1208x712 Format 10 NumSamples 1 (Frame:1).
[2018.03.04-16.12.48:486][337]LogTemp: Repeating last play command: Selected Viewport
[2018.03.04-16.12.48:506][337]LogPlayLevel: PlayLevel: No blueprints needed recompiling
[2018.03.04-16.12.48:506][337]PIE: New page: PIE session: level_01 (Mar 4, 2018, 8:12:48 PM)
[2018.03.04-16.12.48:506][337]LogPlayLevel: Creating play world package: /Game/2DSideScrollerBP/Blueprints/new_blue_prints/UEDPIE_0_level_01
[2018.03.04-16.12.48:507][337]LogPlayLevel: PIE: StaticDuplicateObject took: (0.001132s)
[2018.03.04-16.12.48:508][337]LogAIModule: Creating AISystem for world level_01
[2018.03.04-16.12.48:508][337]LogPlayLevel: PIE: World Init took: (0.000730s)
[2018.03.04-16.12.48:508][337]LogPlayLevel: PIE: Created PIE world by copying editor world from /Game/2DSideScrollerBP/Blueprints/new_blue_prints/level_01.level_01 to /Game/2DSideScrollerBP/Blueprints/new_blue_prints/UEDPIE_0_level_01.level_01 (0.002064s)
[2018.03.04-16.12.48:533][337]LogInit: XAudio2 using 'Speakers (Realtek High Definition Audio)' : 2 channels at 48 kHz using 32 bits per sample (channel mask 0x3)
[2018.03.04-16.12.48:549][337]LogInit: FAudioDevice initialized.
[2018.03.04-16.12.48:577][337]LogLoad: Game class is 'pirate_game_mode_C'
[2018.03.04-16.12.48:579][337]LogWorld: Bringing World /Game/2DSideScrollerBP/Blueprints/new_blue_prints/UEDPIE_0_level_01.level_01 up for play (max tick rate 0) at 2018.03.04-18.12.48
[2018.03.04-16.12.48:579][337]LogWorld: Bringing up level for play took: 0.001736
[2018.03.04-16.12.48:581][337]PIE: Play in editor start time for /Game/2DSideScrollerBP/Blueprints/new_blue_prints/UEDPIE_0_level_01 0.974
[2018.03.04-16.28.55:188][114]LogBlueprint: Warning: Reparenting blueprint Blueprint /Game/2DSideScrollerBP/Blueprints/new_blue_prints/BP_cannon.BP_cannon from Actor to Character...
[2018.03.04-16.28.55:383][114]BlueprintLog: New page: Compile BP_cannon
[2018.03.04-16.31.46:250][675]LogSlate: Took 0.000238 seconds to synchronously load lazily loaded font '../../../Engine/Content/Slate/Fonts/Roboto-Light.ttf' (159K)
[2018.03.04-16.31.55:606][702]LogSavePackage: Save=151.40ms
[2018.03.04-16.31.55:606][702]LogSavePackage: Moving 'C:/Users/user/Desktop/Pirate_Seige_02/Saved/level_01_Auto1E36AD6CF48D11737919B11B3C4B2580C.tmp' to 'C:/Users/user/Desktop/Pirate_Seige_02/Saved/Autosaves/Game/2DSideScrollerBP/Blueprints/new_blue_prints/level_01_Auto1.umap'
[2018.03.04-16.31.55:615][702]LogSavePackage: Display: Finished SavePackage C:/Users/user/Desktop/Pirate_Seige_02/Saved/Autosaves/Game/2DSideScrollerBP/Blueprints/new_blue_prints/level_01_Auto1.umap
[2018.03.04-16.31.55:617][702]LogFileHelpers: Editor autosave (incl. sublevels) for '/Game/2DSideScrollerBP/Blueprints/new_blue_prints/level_01' took 0.353
[2018.03.04-16.31.55:617][702]LogFileHelpers: Editor autosave (incl. sublevels) for all levels took 0.353
[2018.03.04-16.31.55:629][702]OBJ SavePackage: Generating thumbnails for [0] asset(s) in package [/Game/2DSideScrollerBP/Blueprints/new_blue_prints/BP_cannon] ([1] browsable assets)...
[2018.03.04-16.31.55:629][702]OBJ SavePackage: Finished generating thumbnails for package [/Game/2DSideScrollerBP/Blueprints/new_blue_prints/BP_cannon]
[2018.03.04-16.31.55:735][702]LogSavePackage: Save=95.17ms
[2018.03.04-16.31.55:735][702]LogSavePackage: Moving 'C:/Users/user/Desktop/Pirate_Seige_02/Saved/BP_cannon_Auto11EFE3E044F3557880FFA36AD4C7597DC.tmp' to 'C:/Users/user/Desktop/Pirate_Seige_02/Saved/Autosaves/Game/2DSideScrollerBP/Blueprints/new_blue_prints/BP_cannon_Auto1.uasset'
[2018.03.04-16.31.55:737][702]LogSavePackage: Display: Finished SavePackage C:/Users/user/Desktop/Pirate_Seige_02/Saved/Autosaves/Game/2DSideScrollerBP/Blueprints/new_blue_prints/BP_cannon_Auto1.uasset
[2018.03.04-16.31.55:737][702]LogFileHelpers: Auto-saving content packages took 0.109
[2018.03.04-16.35.52:633][291]BlueprintLog: New page: Compile BP_cannon
[2018.03.04-16.36.00:273][ 47]LogTemp: Repeating last play command: Selected Viewport
[2018.03.04-16.36.00:320][ 47]LogPlayLevel: PlayLevel: No blueprints needed recompiling
[2018.03.04-16.36.00:320][ 47]PIE: New page: PIE session: level_01 (Mar 4, 2018, 8:36:00 PM)
[2018.03.04-16.36.00:320][ 47]LogPlayLevel: Creating play world package: /Game/2DSideScrollerBP/Blueprints/new_blue_prints/UEDPIE_0_level_01
[2018.03.04-16.36.00:322][ 47]LogPlayLevel: PIE: StaticDuplicateObject took: (0.001371s)
[2018.03.04-16.36.00:322][ 47]LogAIModule: Creating AISystem for world level_01
[2018.03.04-16.36.00:323][ 47]LogPlayLevel: PIE: World Init took: (0.000771s)
[2018.03.04-16.36.00:323][ 47]LogPlayLevel: PIE: Created PIE world by copying editor world from /Game/2DSideScrollerBP/Blueprints/new_blue_prints/level_01.level_01 to /Game/2DSideScrollerBP/Blueprints/new_blue_prints/UEDPIE_0_level_01.level_01 (0.002363s)
[2018.03.04-16.36.00:353][ 47]LogInit: XAudio2 using 'Speakers (Realtek High Definition Audio)' : 2 channels at 48 kHz using 32 bits per sample (channel mask 0x3)
[2018.03.04-16.36.00:369][ 47]LogInit: FAudioDevice initialized.
[2018.03.04-16.36.00:401][ 47]LogLoad: Game class is 'pirate_game_mode_C'
[2018.03.04-16.36.00:403][ 47]LogWorld: Bringing World /Game/2DSideScrollerBP/Blueprints/new_blue_prints/UEDPIE_0_level_01.level_01 up for play (max tick rate 0) at 2018.03.04-18.36.00
[2018.03.04-16.36.00:403][ 47]LogWorld: Bringing up level for play took: 0.001550
[2018.03.04-16.36.00:405][ 47]PIE: Play in editor start time for /Game/2DSideScrollerBP/Blueprints/new_blue_prints/UEDPIE_0_level_01 0.778
[2018.03.04-16.36.05:146][484]LogTemp: Repeating last play command: Selected Viewport
[2018.03.04-16.36.05:160][484]LogPlayLevel: PlayLevel: No blueprints needed recompiling
[2018.03.04-16.36.05:160][484]PIE: New page: PIE session: level_01 (Mar 4, 2018, 8:36:05 PM)
[2018.03.04-16.36.05:160][484]LogPlayLevel: Creating play world package: /Game/2DSideScrollerBP/Blueprints/new_blue_prints/UEDPIE_0_level_01
[2018.03.04-16.36.05:161][484]LogPlayLevel: PIE: StaticDuplicateObject took: (0.001159s)
[2018.03.04-16.36.05:162][484]LogAIModule: Creating AISystem for world level_01
[2018.03.04-16.36.05:162][484]LogPlayLevel: PIE: World Init took: (0.000634s)
[2018.03.04-16.36.05:162][484]LogPlayLevel: PIE: Created PIE world by copying editor world from /Game/2DSideScrollerBP/Blueprints/new_blue_prints/level_01.level_01 to /Game/2DSideScrollerBP/Blueprints/new_blue_prints/UEDPIE_0_level_01.level_01 (0.001990s)
[2018.03.04-16.36.05:184][484]LogInit: XAudio2 using 'Speakers (Realtek High Definition Audio)' : 2 channels at 48 kHz using 32 bits per sample (channel mask 0x3)
[2018.03.04-16.36.05:199][484]LogInit: FAudioDevice initialized.
[2018.03.04-16.36.05:228][484]LogLoad: Game class is 'pirate_game_mode_C'
[2018.03.04-16.36.05:231][484]LogWorld: Bringing World /Game/2DSideScrollerBP/Blueprints/new_blue_prints/UEDPIE_0_level_01.level_01 up for play (max tick rate 0) at 2018.03.04-18.36.05
[2018.03.04-16.36.05:231][484]LogWorld: Bringing up level for play took: 0.001660
[2018.03.04-16.36.05:232][484]PIE: Play in editor start time for /Game/2DSideScrollerBP/Blueprints/new_blue_prints/UEDPIE_0_level_01 -0.395
[2018.03.04-16.36.31:545][934]Cmd: QUIT_EDITOR
[2018.03.04-16.36.32:238][934]LogExit: Preparing to exit.
[2018.03.04-16.36.33:438][934]LogExit: Editor shut down
[2018.03.04-16.36.33:442][934]LogExit: Transaction tracking system shut down
[2018.03.04-16.36.33:672][934]LogDirectoryWatcher: A directory notification for '../../../Engine/Content/' was aborted.
[2018.03.04-16.36.33:673][934]LogDirectoryWatcher: A directory notification for 'C:/Users/user/Desktop/Pirate_Seige_02/Content/' was aborted.
[2018.03.04-16.36.33:673][934]LogDirectoryWatcher: A directory notification for '../../../Engine/Plugins/2D/Paper2D/Content/' was aborted.
[2018.03.04-16.36.33:673][934]LogDirectoryWatcher: A directory notification for '../../../Engine/Plugins/Runtime/Oculus/OculusVR/Content/' was aborted.
[2018.03.04-16.36.33:673][934]LogDirectoryWatcher: A directory notification for '../../../Engine/Plugins/Runtime/Steam/SteamVR/Content/' was aborted.
[2018.03.04-16.36.33:746][934]LogExit: Object subsystem successfully closed.
[2018.03.04-16.36.33:763][934]LogD3D11RHI: Shutdown
[2018.03.04-16.36.33:763][934]LogD3D11RHI: CleanupD3DDevice
[2018.03.04-16.36.33:859][934]LogD3D11RHI: ~FD3D11DynamicRHI
[2018.03.04-16.36.33:866][934]LogModuleManager: Shutting down and abandoning module BlueprintGraph (536)
[2018.03.04-16.36.33:866][934]LogModuleManager: Shutting down and abandoning module BlueprintProfiler (534)
[2018.03.04-16.36.33:866][934]LogModuleManager: Shutting down and abandoning module MovieSceneCapture (532)
[2018.03.04-16.36.33:866][934]LogModuleManager: Shutting down and abandoning module HierarchicalLODOutliner (530)
[2018.03.04-16.36.33:866][934]LogModuleManager: Shutting down and abandoning module SceneOutliner (528)
[2018.03.04-16.36.33:866][934]LogModuleManager: Shutting down and abandoning module AddContentDialog (526)
[2018.03.04-16.36.33:866][934]LogDirectoryWatcher: A directory notification for 'D:/Epic Games/UE_4.17/FeaturePacks/' was aborted.
[2018.03.04-16.36.33:867][934]LogModuleManager: Shutting down and abandoning module WidgetCarousel (525)
[2018.03.04-16.36.33:867][934]LogModuleManager: Shutting down and abandoning module EditorWidgets (522)
[2018.03.04-16.36.33:867][934]LogModuleManager: Shutting down and abandoning module CollectionManager (520)
[2018.03.04-16.36.33:867][934]LogDirectoryWatcher: A directory notification for 'C:/Users/user/Desktop/Pirate_Seige_02/Content/Collections/' was aborted.
[2018.03.04-16.36.33:867][934]LogDirectoryWatcher: A directory notification for 'C:/Users/user/Desktop/Pirate_Seige_02/Content/Developers/user/Collections/' was aborted.
[2018.03.04-16.36.33:867][934]LogDirectoryWatcher: A directory notification for 'C:/Users/user/Desktop/Pirate_Seige_02/Saved/Collections/' was aborted.
[2018.03.04-16.36.33:867][934]LogModuleManager: Shutting down and abandoning module StatsViewer (518)
[2018.03.04-16.36.33:867][934]LogModuleManager: Shutting down and abandoning module FoliageEdit (516)
[2018.03.04-16.36.33:867][934]LogModuleManager: Shutting down and abandoning module LandscapeEditor (514)
[2018.03.04-16.36.33:867][934]LogModuleManager: Shutting down and abandoning module MeshPaintMode (512)
[2018.03.04-16.36.33:867][934]LogModuleManager: Shutting down and abandoning module SceneDepthPickerMode (510)
[2018.03.04-16.36.33:867][934]LogModuleManager: Shutting down and abandoning module ActorPickerMode (508)
[2018.03.04-16.36.33:867][934]LogModuleManager: Shutting down and abandoning module GeometryMode (506)
[2018.03.04-16.36.33:867][934]LogModuleManager: Shutting down and abandoning module TextureAlignMode (504)
[2018.03.04-16.36.33:867][934]LogModuleManager: Shutting down and abandoning module BspMode (502)
[2018.03.04-16.36.33:867][934]LogModuleManager: Shutting down and abandoning module PIEPreviewDeviceProfileSelector (500)
[2018.03.04-16.36.33:867][934]LogModuleManager: Shutting down and abandoning module HardwareSurvey (498)
[2018.03.04-16.36.33:867][934]LogModuleManager: Shutting down and abandoning module SequenceRecorderSections (496)
[2018.03.04-16.36.33:867][934]LogModuleManager: Shutting down and abandoning module AutomationWorker (494)
[2018.03.04-16.36.33:867][934]LogModuleManager: Shutting down and abandoning module MatineeToLevelSequence (492)
[2018.03.04-16.36.33:867][934]LogModuleManager: Shutting down and abandoning module LevelSequenceEditor (490)
[2018.03.04-16.36.33:867][934]LogModuleManager: Shutting down and abandoning module PlacementMode (489)
[2018.03.04-16.36.33:867][934]LogModuleManager: Shutting down and abandoning module WmfMediaFactory (486)
[2018.03.04-16.36.33:867][934]LogModuleManager: Shutting down and abandoning module WmfMediaEditor (484)
[2018.03.04-16.36.33:867][934]LogModuleManager: Shutting down and abandoning module AvfMediaFactory (482)
[2018.03.04-16.36.33:868][934]LogModuleManager: Shutting down and abandoning module AvfMediaEditor (480)
[2018.03.04-16.36.33:868][934]LogModuleManager: Shutting down and abandoning module AndroidMediaFactory (478)
[2018.03.04-16.36.33:868][934]LogModuleManager: Shutting down and abandoning module Media (477)
[2018.03.04-16.36.33:868][934]LogModuleManager: Shutting down and abandoning module AndroidMediaEditor (474)
[2018.03.04-16.36.33:868][934]LogModuleManager: Shutting down and abandoning module CharacterAI (472)
[2018.03.04-16.36.33:868][934]LogModuleManager: Shutting down and abandoning module AudioCapture (470)
[2018.03.04-16.36.33:868][934]LogModuleManager: Shutting down and abandoning module SequenceRecorder (469)
[2018.03.04-16.36.33:868][934]LogModuleManager: Shutting down and abandoning module SmartSnapping (466)
[2018.03.04-16.36.33:868][934]LogModuleManager: Shutting down and abandoning module SessionServices (464)
[2018.03.04-16.36.33:868][934]LogModuleManager: Shutting down and abandoning module ViewportSnapping (462)
[2018.03.04-16.36.33:868][934]LogModuleManager: Shutting down and abandoning module ViewportInteraction (460)
[2018.03.04-16.36.33:868][934]LogModuleManager: Shutting down and abandoning module ClothPainter (458)
[2018.03.04-16.36.33:868][934]LogModuleManager: Shutting down and abandoning module LogVisualizer (456)
[2018.03.04-16.36.33:868][934]LogModuleManager: Shutting down and abandoning module IntroTutorials (454)
[2018.03.04-16.36.33:868][934]LogModuleManager: Shutting down and abandoning module GameProjectGeneration (453)
[2018.03.04-16.36.33:868][934]LogModuleManager: Shutting down and abandoning module IOSPlatformEditor (450)
[2018.03.04-16.36.33:868][934]LogModuleManager: Shutting down and abandoning module HTML5PlatformEditor (448)
[2018.03.04-16.36.33:868][934]LogModuleManager: Shutting down and abandoning module AndroidPlatformEditor (446)
[2018.03.04-16.36.33:868][934]LogModuleManager: Shutting down and abandoning module AndroidDeviceDetection (445)
[2018.03.04-16.36.34:861][934]LogModuleManager: Shutting down and abandoning module WindowsPlatformEditor (442)
[2018.03.04-16.36.34:861][934]LogModuleManager: Shutting down and abandoning module IOSRuntimeSettings (440)
[2018.03.04-16.36.34:861][934]LogModuleManager: Shutting down and abandoning module AndroidRuntimeSettings (438)
[2018.03.04-16.36.34:861][934]LogModuleManager: Shutting down and abandoning module InputBindingEditor (436)
[2018.03.04-16.36.34:861][934]LogModuleManager: Shutting down and abandoning module MergeActors (434)
[2018.03.04-16.36.34:861][934]LogModuleManager: Shutting down and abandoning module SizeMap (432)
[2018.03.04-16.36.34:861][934]LogModuleManager: Shutting down and abandoning module TreeMap (430)
[2018.03.04-16.36.34:861][934]LogModuleManager: Shutting down and abandoning module ReferenceViewer (428)
[2018.03.04-16.36.34:861][934]LogModuleManager: Shutting down and abandoning module LocalizationDashboard (426)
[2018.03.04-16.36.34:861][934]LogModuleManager: Shutting down and abandoning module LocalizationService (425)
[2018.03.04-16.36.34:861][934]LogModuleManager: Shutting down and abandoning module HardwareTargeting (422)
[2018.03.04-16.36.34:861][934]LogModuleManager: Shutting down and abandoning module DeviceProfileEditor (420)
[2018.03.04-16.36.34:861][934]LogModuleManager: Shutting down and abandoning module UndoHistory (418)
[2018.03.04-16.36.34:861][934]LogModuleManager: Shutting down and abandoning module XmlParser (416)
[2018.03.04-16.36.34:861][934]LogModuleManager: Shutting down and abandoning module Blutility (414)
[2018.03.04-16.36.34:861][934]LogModuleManager: Shutting down and abandoning module ProjectSettingsViewer (412)
[2018.03.04-16.36.34:861][934]LogModuleManager: Shutting down and abandoning module ProjectTargetPlatformEditor (411)
[2018.03.04-16.36.34:862][934]LogModuleManager: Shutting down and abandoning module EditorSettingsViewer (408)
[2018.03.04-16.36.34:862][934]LogModuleManager: Shutting down and abandoning module SettingsEditor (406)
[2018.03.04-16.36.34:862][934]LogModuleManager: Shutting down and abandoning module ProjectLauncher (404)
[2018.03.04-16.36.34:862][934]LogModuleManager: Shutting down and abandoning module SessionFrontend (402)
[2018.03.04-16.36.34:862][934]LogModuleManager: Shutting down and abandoning module ProfilerClient (400)
[2018.03.04-16.36.34:862][934]LogModuleManager: Shutting down and abandoning module DeviceManager (398)
[2018.03.04-16.36.34:862][934]LogModuleManager: Shutting down and abandoning module TargetDeviceServices (397)
[2018.03.04-16.36.34:912][934]LogModuleManager: Shutting down and abandoning module AutomationController (394)
[2018.03.04-16.36.34:912][934]LogModuleManager: Shutting down and abandoning module AutomationWindow (392)
[2018.03.04-16.36.34:912][934]LogModuleManager: Shutting down and abandoning module Layers (390)
[2018.03.04-16.36.34:912][934]LogModuleManager: Shutting down and abandoning module ComponentVisualizers (388)
[2018.03.04-16.36.34:912][934]LogModuleManager: Shutting down and abandoning module DetailCustomizations (386)
[2018.03.04-16.36.34:912][934]LogModuleManager: Shutting down and abandoning module PackagesDialog (384)
[2018.03.04-16.36.34:912][934]LogModuleManager: Shutting down and abandoning module Persona (382)
[2018.03.04-16.36.34:912][934]LogModuleManager: Shutting down and abandoning module AdvancedPreviewScene (381)
[2018.03.04-16.36.34:912][934]LogModuleManager: Shutting down and abandoning module AnimGraph (379)
[2018.03.04-16.36.34:912][934]LogModuleManager: Shutting down and abandoning module Kismet (376)
[2018.03.04-16.36.34:918][934]LogModuleManager: Shutting down and abandoning module ClassViewer (374)
[2018.03.04-16.36.34:919][934]LogModuleManager: Shutting down and abandoning module Toolbox (372)
[2018.03.04-16.36.34:919][934]LogModuleManager: Shutting down and abandoning module ModuleUI (370)
[2018.03.04-16.36.34:919][934]LogModuleManager: Shutting down and abandoning module MovieSceneTools (368)
[2018.03.04-16.36.34:919][934]LogModuleManager: Shutting down and abandoning module OutputLog (366)
[2018.03.04-16.36.34:919][934]LogModuleManager: Shutting down and abandoning module GammaUI (364)
[2018.03.04-16.36.34:920][934]LogModuleManager: Shutting down and abandoning module Documentation (362)
[2018.03.04-16.36.34:920][934]LogModuleManager: Shutting down and abandoning module MovieSceneTracks (360)
[2018.03.04-16.36.34:920][934]LogModuleManager: Shutting down and abandoning module MovieScene (358)
[2018.03.04-16.36.34:920][934]LogModuleManager: Shutting down and abandoning module Niagara (356)
[2018.03.04-16.36.34:920][934]LogModuleManager: Shutting down and abandoning module NiagaraEditor (355)
[2018.03.04-16.36.34:920][934]LogModuleManager: Shutting down and abandoning module StreamingPauseRendering (352)
[2018.03.04-16.36.34:920][934]LogModuleManager: Shutting down and abandoning module LauncherPlatform (350)
[2018.03.04-16.36.34:920][934]LogModuleManager: Shutting down and abandoning module AnalyticsET (348)
[2018.03.04-16.36.34:920][934]LogModuleManager: Shutting down and abandoning module PortalServices (346)
[2018.03.04-16.36.34:920][934]LogModuleManager: Shutting down and abandoning module PortalRpc (344)
[2018.03.04-16.36.34:920][934]LogModuleManager: Shutting down and abandoning module MessagingRpc (342)
[2018.03.04-16.36.34:920][934]LogModuleManager: Shutting down and abandoning module AIModule (340)
[2018.03.04-16.36.34:920][934]LogModuleManager: Shutting down and abandoning module GameplayDebugger (339)
[2018.03.04-16.36.34:920][934]LogModuleManager: Shutting down and abandoning module AITestSuite (337)
[2018.03.04-16.36.34:920][934]LogModuleManager: Shutting down and abandoning module ProfilerService (334)
[2018.03.04-16.36.34:938][934]LogModuleManager: Shutting down and abandoning module TaskGraph (332)
[2018.03.04-16.36.34:938][934]LogModuleManager: Shutting down and abandoning module SteamVRController (330)
[2018.03.04-16.36.34:938][934]LogModuleManager: Shutting down and abandoning module ProceduralMeshComponentEditor (328)
[2018.03.04-16.36.34:938][934]LogModuleManager: Shutting down and abandoning module ProceduralMeshComponent (326)
[2018.03.04-16.36.34:938][934]LogModuleManager: Shutting down and abandoning module OculusInput (324)
[2018.03.04-16.36.34:938][934]LogModuleManager: Shutting down and abandoning module MobilePatchingUtils (322)
[2018.03.04-16.36.34:938][934]LogModuleManager: Shutting down and abandoning module CustomMeshComponent (320)
[2018.03.04-16.36.34:938][934]LogModuleManager: Shutting down and abandoning module CableComponent (318)
[2018.03.04-16.36.34:938][934]LogModuleManager: Shutting down and abandoning module ArchVisCharacter (316)
[2018.03.04-16.36.34:938][934]LogModuleManager: Shutting down and abandoning module AndroidPermission (314)
[2018.03.04-16.36.34:938][934]LogModuleManager: Shutting down and abandoning module MediaPlayerEditor (310)
[2018.03.04-16.36.34:938][934]LogModuleManager: Shutting down and abandoning module HTML5Networking (308)
[2018.03.04-16.36.34:938][934]LogModuleManager: Shutting down and abandoning module AlembicImporter (306)
[2018.03.04-16.36.34:938][934]LogModuleManager: Shutting down and abandoning module AlembicLibrary (305)
[2018.03.04-16.36.34:938][934]LogModuleManager: Shutting down and abandoning module GeometryCache (304)
[2018.03.04-16.36.34:938][934]LogModuleManager: Shutting down and abandoning module GeometryCacheEd (303)
[2018.03.04-16.36.34:938][934]LogModuleManager: Shutting down and abandoning module SpeedTreeImporter (298)
[2018.03.04-16.36.34:938][934]LogModuleManager: Shutting down and abandoning module PluginBrowser (296)
[2018.03.04-16.36.34:938][934]LogModuleManager: Shutting down and abandoning module MobileLauncherProfileWizard (294)
[2018.03.04-16.36.34:938][934]LogModuleManager: Shutting down and abandoning module VisualStudioSourceCodeAccess (292)
[2018.03.04-16.36.34:938][934]LogModuleManager: Shutting down and abandoning module DesktopPlatform (291)
[2018.03.04-16.36.34:938][934]LogModuleManager: Shutting down and abandoning module UObjectPlugin (288)
[2018.03.04-16.36.34:938][934]LogModuleManager: Shutting down and abandoning module SubversionSourceControl (286)
[2018.03.04-16.36.34:939][934]LogModuleManager: Shutting down and abandoning module PerforceSourceControl (284)
[2018.03.04-16.36.34:939][934]LogModuleManager: Shutting down and abandoning module GitSourceControl (282)
[2018.03.04-16.36.34:939][934]LogModuleManager: Shutting down and abandoning module SourceControl (281)
[2018.03.04-16.36.34:939][934]LogModuleManager: Shutting down and abandoning module LightPropagationVolumeEditor (278)
[2018.03.04-16.36.34:939][934]LogModuleManager: Shutting down and abandoning module PaperTiledImporter (276)
[2018.03.04-16.36.34:939][934]LogModuleManager: Shutting down and abandoning module PaperSpriteSheetImporter (274)
[2018.03.04-16.36.34:939][934]LogModuleManager: Shutting down and abandoning module Paper2DEditor (272)
[2018.03.04-16.36.34:939][934]LogModuleManager: Shutting down and abandoning module MeshPaint (271)
[2018.03.04-16.36.34:939][934]LogModuleManager: Shutting down and abandoning module LevelEditor (269)
[2018.03.04-16.36.34:940][934]LogModuleManager: Shutting down and abandoning module PixelInspectorModule (268)
[2018.03.04-16.36.34:940][934]LogModuleManager: Shutting down and abandoning module MainFrame (266)
[2018.03.04-16.36.34:940][934]LogModuleManager: Shutting down and abandoning module HotReload (265)
[2018.03.04-16.36.34:940][934]LogModuleManager: Shutting down and abandoning module RuntimePhysXCooking (260)
[2018.03.04-16.36.34:940][934]LogModuleManager: Shutting down and abandoning module PhysXVehiclesEditor (258)
[2018.03.04-16.36.34:940][934]LogModuleManager: Shutting down and abandoning module PhysXVehicles (256)
[2018.03.04-16.36.34:940][934]LogModuleManager: Shutting down and abandoning module OculusEditor (254)
[2018.03.04-16.36.34:940][934]LogModuleManager: Shutting down and abandoning module LocationServicesBPLibrary (252)
[2018.03.04-16.36.34:940][934]LogModuleManager: Shutting down and abandoning module ImmediatePhysicsEditor (250)
[2018.03.04-16.36.34:940][934]LogModuleManager: Shutting down and abandoning module ImmediatePhysics (248)
[2018.03.04-16.36.34:940][934]LogModuleManager: Shutting down and abandoning module UdpMessaging (246)
[2018.03.04-16.36.35:040][934]LogModuleManager: Shutting down and abandoning module TcpMessaging (244)
[2018.03.04-16.36.35:140][934]LogModuleManager: Shutting down and abandoning module GameplayTagsEditor (242)
[2018.03.04-16.36.35:140][934]LogModuleManager: Shutting down and abandoning module FacialAnimationEditor (240)
[2018.03.04-16.36.35:140][934]LogModuleManager: Shutting down and abandoning module FacialAnimation (238)
[2018.03.04-16.36.35:140][934]LogModuleManager: Shutting down and abandoning module AssetManagerEditor (236)
[2018.03.04-16.36.35:140][934]LogModuleManager: Shutting down and abandoning module GraphEditor (235)
[2018.03.04-16.36.35:140][934]LogModuleManager: Shutting down and abandoning module ContentBrowser (233)
[2018.03.04-16.36.35:141][934]LogModuleManager: Shutting down and abandoning module LightPropagationVolumeRuntime (230)
[2018.03.04-16.36.35:141][934]LogModuleManager: Shutting down and abandoning module Paper2D (228)
[2018.03.04-16.36.35:141][934]LogModuleManager: Shutting down and abandoning module WindowsMoviePlayer (226)
[2018.03.04-16.36.35:141][934]LogModuleManager: Shutting down and abandoning module WmfMedia (224)
[2018.03.04-16.36.35:141][934]LogModuleManager: Shutting down and abandoning module PacketHandler (222)
[2018.03.04-16.36.35:141][934]LogModuleManager: Shutting down and abandoning module ClothingSystemEditor (220)
[2018.03.04-16.36.35:141][934]LogModuleManager: Shutting down and abandoning module ClothingSystemRuntime (218)
[2018.03.04-16.36.35:142][934]LogModuleManager: Shutting down and abandoning module Overlay (216)
[2018.03.04-16.36.35:142][934]LogModuleManager: Shutting down and abandoning module OverlayEditor (215)
[2018.03.04-16.36.35:142][934]LogModuleManager: Shutting down and abandoning module MediaAssets (212)
[2018.03.04-16.36.35:142][934]LogModuleManager: Shutting down and abandoning module VREditor (210)
[2018.03.04-16.36.35:142][934]LogModuleManager: Shutting down and abandoning module StringTableEditor (208)
[2018.03.04-16.36.35:142][934]LogModuleManager: Shutting down and abandoning module GameplayTasksEditor (206)
[2018.03.04-16.36.35:142][934]LogModuleManager: Shutting down and abandoning module BehaviorTreeEditor (204)
[2018.03.04-16.36.35:142][934]LogModuleManager: Shutting down and abandoning module FunctionalTesting (202)
[2018.03.04-16.36.35:142][934]LogModuleManager: Shutting down and abandoning module CollisionAnalyzer (200)
[2018.03.04-16.36.35:142][934]LogModuleManager: Shutting down and abandoning module WorkspaceMenuStructure (199)
[2018.03.04-16.36.35:142][934]LogModuleManager: Shutting down and abandoning module UMG (196)
[2018.03.04-16.36.35:142][934]LogModuleManager: Shutting down and abandoning module UMGEditor (195)
[2018.03.04-16.36.35:142][934]LogModuleManager: Shutting down and abandoning module Sequencer (194)
[2018.03.04-16.36.35:142][934]LogModuleManager: Shutting down and abandoning module MessageLog (191)
[2018.03.04-16.36.35:142][934]LogModuleManager: Shutting down and abandoning module SlateReflector (186)
[2018.03.04-16.36.35:143][934]LogModuleManager: Shutting down and abandoning module Slate (184)
[2018.03.04-16.36.35:143][934]LogModuleManager: Shutting down and abandoning module EditorStyle (182)
[2018.03.04-16.36.35:144][934]LogModuleManager: Shutting down and abandoning module MRMesh (180)
[2018.03.04-16.36.35:144][934]LogModuleManager: Shutting down and abandoning module SourceCodeAccess (178)
[2018.03.04-16.36.35:144][934]LogModuleManager: Shutting down and abandoning module HeadMountedDisplay (176)
[2018.03.04-16.36.35:144][934]LogModuleManager: Shutting down and abandoning module XAudio2 (174)
[2018.03.04-16.36.35:144][934]LogModuleManager: Shutting down and abandoning module Networking (172)
[2018.03.04-16.36.35:144][934]LogModuleManager: Shutting down and abandoning module Core (168)
[2018.03.04-16.36.35:144][934]LogModuleManager: Shutting down and abandoning module KismetCompiler (164)
[2018.03.04-16.36.35:144][934]LogModuleManager: Shutting down and abandoning module MeshUtilities (162)
[2018.03.04-16.36.35:144][934]LogModuleManager: Shutting down and abandoning module MeshMergeUtilities (161)
[2018.03.04-16.36.35:144][934]LogModuleManager: Shutting down and abandoning module MeshReductionInterface (160)
[2018.03.04-16.36.35:144][934]LogModuleManager: Shutting down and abandoning module SimplygonSwarm (159)
[2018.03.04-16.36.35:144][934]LogModuleManager: Shutting down and abandoning module SimplygonMeshReduction (157)
[2018.03.04-16.36.35:144][934]LogModuleManager: Shutting down and abandoning module QuadricMeshReduction (155)
[2018.03.04-16.36.35:144][934]LogModuleManager: Shutting down and abandoning module MaterialBaking (151)
[2018.03.04-16.36.35:144][934]LogModuleManager: Shutting down and abandoning module LevelSequence (148)
[2018.03.04-16.36.35:144][934]LogModuleManager: Shutting down and abandoning module DirectoryWatcher (146)
[2018.03.04-16.36.35:145][934]LogModuleManager: Shutting down and abandoning module DerivedDataCache (144)
[2018.03.04-16.36.35:212][934]LogDerivedDataCache: Shutdown
[2018.03.04-16.36.35:212][934]LogModuleManager: Shutting down and abandoning module TargetPlatform (142)
[2018.03.04-16.36.35:212][934]LogModuleManager: Shutting down and abandoning module VulkanShaderFormat (141)
[2018.03.04-16.36.35:212][934]LogModuleManager: Shutting down and abandoning module ShaderFormatVectorVM (139)
[2018.03.04-16.36.35:212][934]LogModuleManager: Shutting down and abandoning module ShaderFormatOpenGL (137)
[2018.03.04-16.36.35:212][934]LogModuleManager: Shutting down and abandoning module ShaderFormatD3D (135)
[2018.03.04-16.36.35:212][934]LogModuleManager: Shutting down and abandoning module MetalShaderFormat (133)
[2018.03.04-16.36.35:212][934]LogModuleManager: Shutting down and abandoning module TextureFormatUncompressed (131)
[2018.03.04-16.36.35:212][934]LogModuleManager: Shutting down and abandoning module TextureFormatPVR (129)
[2018.03.04-16.36.35:212][934]LogModuleManager: Shutting down and abandoning module TextureFormatDXT (127)
[2018.03.04-16.36.35:212][934]LogModuleManager: Shutting down and abandoning module TextureFormatIntelISPCTexComp (125)
[2018.03.04-16.36.35:212][934]LogModuleManager: Shutting down and abandoning module TextureFormatASTC (123)
[2018.03.04-16.36.35:212][934]LogModuleManager: Shutting down and abandoning module ImageWrapper (122)
[2018.03.04-16.36.35:212][934]LogModuleManager: Shutting down and abandoning module TextureFormatAndroid (119)
[2018.03.04-16.36.35:212][934]LogModuleManager: Shutting down and abandoning module AudioFormatOpus (117)
[2018.03.04-16.36.35:212][934]LogModuleManager: Shutting down and abandoning module AudioFormatOgg (115)
[2018.03.04-16.36.35:212][934]LogModuleManager: Shutting down and abandoning module AudioFormatADPCM (113)
[2018.03.04-16.36.35:212][934]LogModuleManager: Shutting down and abandoning module LinuxTargetPlatform (111)
[2018.03.04-16.36.35:212][934]LogModuleManager: Shutting down and abandoning module LinuxServerTargetPlatform (109)
[2018.03.04-16.36.35:212][934]LogModuleManager: Shutting down and abandoning module LinuxNoEditorTargetPlatform (107)
[2018.03.04-16.36.35:212][934]LogModuleManager: Shutting down and abandoning module LinuxClientTargetPlatform (105)
[2018.03.04-16.36.35:213][934]LogModuleManager: Shutting down and abandoning module TVOSTargetPlatform (103)
[2018.03.04-16.36.35:213][934]LogModuleManager: Shutting down and abandoning module Messaging (101)
[2018.03.04-16.36.35:213][934]LogModuleManager: Shutting down and abandoning module IOSTargetPlatform (99)
[2018.03.04-16.36.35:213][934]LogModuleManager: Shutting down and abandoning module HTML5TargetPlatform (97)
[2018.03.04-16.36.35:213][934]LogModuleManager: Shutting down and abandoning module Android_PVRTCTargetPlatform (95)
[2018.03.04-16.36.35:213][934]LogModuleManager: Shutting down and abandoning module Android_MultiTargetPlatform (93)
[2018.03.04-16.36.35:213][934]LogModuleManager: Shutting down and abandoning module Android_ETC2TargetPlatform (91)
[2018.03.04-16.36.35:213][934]LogModuleManager: Shutting down and abandoning module Android_ETC1TargetPlatform (89)
[2018.03.04-16.36.35:213][934]LogModuleManager: Shutting down and abandoning module Android_DXTTargetPlatform (87)
[2018.03.04-16.36.35:213][934]LogModuleManager: Shutting down and abandoning module Android_ATCTargetPlatform (85)
[2018.03.04-16.36.35:213][934]LogModuleManager: Shutting down and abandoning module Android_ASTCTargetPlatform (83)
[2018.03.04-16.36.35:213][934]LogModuleManager: Shutting down and abandoning module AndroidTargetPlatform (81)
[2018.03.04-16.36.35:213][934]LogModuleManager: Shutting down and abandoning module WindowsTargetPlatform (79)
[2018.03.04-16.36.35:213][934]LogModuleManager: Shutting down and abandoning module WindowsServerTargetPlatform (77)
[2018.03.04-16.36.35:213][934]LogModuleManager: Shutting down and abandoning module WindowsNoEditorTargetPlatform (75)
[2018.03.04-16.36.35:213][934]LogModuleManager: Shutting down and abandoning module WindowsClientTargetPlatform (73)
[2018.03.04-16.36.35:213][934]LogModuleManager: Shutting down and abandoning module MacTargetPlatform (71)
[2018.03.04-16.36.35:213][934]LogModuleManager: Shutting down and abandoning module MacServerTargetPlatform (69)
[2018.03.04-16.36.35:213][934]LogModuleManager: Shutting down and abandoning module MacNoEditorTargetPlatform (67)
[2018.03.04-16.36.35:213][934]LogModuleManager: Shutting down and abandoning module MacClientTargetPlatform (65)
[2018.03.04-16.36.35:213][934]LogModuleManager: Shutting down and abandoning module AllDesktopTargetPlatform (63)
[2018.03.04-16.36.35:213][934]LogModuleManager: Shutting down and abandoning module InputCore (60)
[2018.03.04-16.36.35:213][934]LogModuleManager: Shutting down and abandoning module Settings (58)
[2018.03.04-16.36.35:213][934]LogModuleManager: Shutting down and abandoning module PhysXCooking (56)
[2018.03.04-16.36.35:213][934]LogModuleManager: Shutting down and abandoning module SteamVR (54)
[2018.03.04-16.36.35:213][934]LogModuleManager: Shutting down and abandoning module OculusHMD (52)
[2018.03.04-16.36.35:213][934]LogModuleManager: Shutting down and abandoning module ExampleDeviceProfileSelector (50)
[2018.03.04-16.36.35:213][934]LogModuleManager: Shutting down and abandoning module OnlineBlueprintSupport (48)
[2018.03.04-16.36.35:213][934]LogModuleManager: Shutting down and abandoning module OnlineSubsystem (44)
[2018.03.04-16.36.35:213][934]LogOnline: Display: Unloading online subsystem: NULL
[2018.03.04-16.36.35:213][934]LogModuleManager: Shutting down and abandoning module XMPP (43)
[2018.03.04-16.36.35:213][934]LogModuleManager: Shutting down and abandoning module HTTP (41)
[2018.03.04-16.36.35:213][934]LogHttp: Display: Http module shutting down, but needs to wait on 1 outstanding Http requests:
[2018.03.04-16.36.35:213][934]LogHttp: Display: 	verb=[POST] url=[https://datarouter.ol.epicgames.com/datarouter/api/v1/public/data?SessionID=%7B16A73042-4F73-FDCD-9D90-E4AD76AEC7F3%7D&AppID=UEEditor.Rocket.Release&AppVersion=4.17.2-3658906%2B%2B%2BUE4%2BRelease-4.17&UserID=3a6fd04b42adf69a1c57fe9eff8cb6b9%7Cd5ee714a64264a828067732ad8147691%7C10d76d41-68b4-4796-958d-1a4063de8e36&AppEnvironment=datacollector-binary&UploadType=eteventstream] status=Processing
[2018.03.04-16.36.35:229][934]LogModuleManager: Shutting down and abandoning module SSL (40)
[2018.03.04-16.36.35:231][934]LogModuleManager: Shutting down and abandoning module AnimationModifiers (36)
[2018.03.04-16.36.35:231][934]LogModuleManager: Shutting down and abandoning module PropertyEditor (35)
[2018.03.04-16.36.35:231][934]LogModuleManager: Shutting down and abandoning module AudioEditor (32)
[2018.03.04-16.36.35:231][934]LogModuleManager: Shutting down and abandoning module TextureCompressor (30)
[2018.03.04-16.36.35:231][934]LogModuleManager: Shutting down and abandoning module ShaderCore (28)
[2018.03.04-16.36.35:231][934]LogModuleManager: Shutting down and abandoning module Landscape (26)
[2018.03.04-16.36.35:231][934]LogModuleManager: Shutting down and abandoning module SlateRHIRenderer (24)
[2018.03.04-16.36.35:232][934]LogModuleManager: Shutting down and abandoning module OpenGLDrv (22)
[2018.03.04-16.36.35:232][934]LogModuleManager: Shutting down and abandoning module D3D11RHI (20)
[2018.03.04-16.36.35:232][934]LogModuleManager: Shutting down and abandoning module AnimGraphRuntime (18)
[2018.03.04-16.36.35:232][934]LogModuleManager: Shutting down and abandoning module Renderer (16)
[2018.03.04-16.36.35:232][934]LogModuleManager: Shutting down and abandoning module Engine (14)
[2018.03.04-16.36.35:232][934]LogModuleManager: Shutting down and abandoning module CoreUObject (12)
[2018.03.04-16.36.35:232][934]LogModuleManager: Shutting down and abandoning module NetworkFile (10)
[2018.03.04-16.36.35:232][934]LogModuleManager: Shutting down and abandoning module CookedIterativeFile (8)
[2018.03.04-16.36.35:232][934]LogModuleManager: Shutting down and abandoning module StreamingFile (6)
[2018.03.04-16.36.35:232][934]LogModuleManager: Shutting down and abandoning module SandboxFile (4)
[2018.03.04-16.36.35:232][934]LogModuleManager: Shutting down and abandoning module PakFile (2)
[2018.03.04-16.36.35:234][934]LogExit: Exiting.
[2018.03.04-16.36.35:249][934]Log file closed, 03/04/18 18:36:35
